Using pre-set license
Built from '2020.2/release' branch; Version is '2020.2.2f1 (068178b99f32) revision 426360'; Using compiler version '192528614'; Build Type 'Release'
OS: 'Windows 10 Home Single Language; OS build 19041.928; Version 2004; 64bit' Language: 'es' Physical Memory: 32630 MB
BatchMode: 1, IsHumanControllingUs: 0, StartBugReporterOnCrash: 0, Is64bit: 1, IsPro: 0

 COMMAND LINE ARGUMENTS:
D:\Unity\2020.2.2f1\Editor\Unity.exe
-adb2
-batchMode
-noUpm
-name
AssetImportWorker0
-projectPath
C:/Users/diego/Documents/GitHub/Zeroth-Gear/Zeroth Gear Unity/Zeroth Gear
-logFile
Logs/AssetImportWorker0.log
-srvPort
51304
Successfully changed project path to: C:/Users/diego/Documents/GitHub/Zeroth-Gear/Zeroth Gear Unity/Zeroth Gear
C:/Users/diego/Documents/GitHub/Zeroth-Gear/Zeroth Gear Unity/Zeroth Gear
Using Asset Import Pipeline V2.
Refreshing native plugins compatible for Editor in 44.30 ms, found 1 plugins.
Preloading 0 native plugins for Editor in 0.00 ms.
Initialize engine version: 2020.2.2f1 (068178b99f32)
[Subsystems] Discovering subsystems at path D:/Unity/2020.2.2f1/Editor/Data/Resources/UnitySubsystems
[Subsystems] Discovering subsystems at path C:/Users/diego/Documents/GitHub/Zeroth-Gear/Zeroth Gear Unity/Zeroth Gear/Assets
GfxDevice: creating device client; threaded=0
Direct3D:
    Version:  Direct3D 11.0 [level 11.1]
    Renderer: NVIDIA GeForce GTX 1050 (ID=0x1c8d)
    Vendor:   
    VRAM:     4021 MB
    Driver:   27.21.14.6172
Initialize mono
Mono path[0] = 'D:/Unity/2020.2.2f1/Editor/Data/Managed'
Mono path[1] = 'D:/Unity/2020.2.2f1/Editor/Data/MonoBleedingEdge/lib/mono/unityjit'
Mono config path = 'D:/Unity/2020.2.2f1/Editor/Data/MonoBleedingEdge/etc'
Using monoOptions --debugger-agent=transport=dt_socket,embedding=1,server=y,suspend=n,address=127.0.0.1:56504
Begin MonoManager ReloadAssembly
Registering precompiled unity dll's ...
Register platform support module: D:/Unity/2020.2.2f1/Editor/Data/PlaybackEngines/WindowsStandaloneSupport/UnityEditor.WindowsStandalone.Extensions.dll
Registered in 0.001150 seconds.
Native extension for WindowsStandalone target not found
Refreshing native plugins compatible for Editor in 42.57 ms, found 1 plugins.
Preloading 0 native plugins for Editor in 0.00 ms.
Invoked RoslynAnalysisRunner static constructor.
RoslynAnalysisRunner will not be running.
RoslynAnalysisRunner has terminated.
Mono: successfully reloaded assembly
- Completed reload, in  1.107 seconds
Platform modules already initialized, skipping
Registering precompiled user dll's ...
Registered in 0.001557 seconds.
Begin MonoManager ReloadAssembly
Native extension for WindowsStandalone target not found
Refreshing native plugins compatible for Editor in 45.53 ms, found 1 plugins.
Preloading 0 native plugins for Editor in 0.00 ms.
Invoked RoslynAnalysisRunner static constructor.
RoslynAnalysisRunner will not be running.
RoslynAnalysisRunner has terminated.
Mono: successfully reloaded assembly
- Completed reload, in  1.094 seconds
Platform modules already initialized, skipping
========================================================================
Worker process is ready to serve import requests
Launched and connected shader compiler UnityShaderCompiler.exe after 0.07 seconds
Refreshing native plugins compatible for Editor in 0.39 ms, found 1 plugins.
Preloading 0 native plugins for Editor in 0.00 ms.
Unloading 1792 Unused Serialized files (Serialized files now loaded: 0)
System memory in use before: 84.2 MB.
System memory in use after: 84.1 MB.

Unloading 24 unused Assets to reduce memory usage. Loaded Objects now: 2233.
Total: 2.628000 ms (FindLiveObjects: 0.197100 ms CreateObjectMapping: 0.264700 ms MarkObjects: 2.030800 ms  DeleteObjects: 0.134500 ms)

========================================================================
Received Import Request.
  path: Assets/Player
  artifactKey: Guid(6b8c4d3637431ff4a845aabebc8fa95c) Importer(815301076,1909f56bfc062723c751e8b465ee728b)
Start importing Assets/Player using Guid(6b8c4d3637431ff4a845aabebc8fa95c) Importer(815301076,1909f56bfc062723c751e8b465ee728b)  -> (artifact id: '46d40feabe03efc9e08d2353ddd8fcd0') in 0.010475 seconds
  Import took 0.013716 seconds .

========================================================================
Received Import Request.
  Time since last request: 0.000258 seconds.
  path: Assets/Player/among.png
  artifactKey: Guid(527e02d4a2712884788f8ec9629eccea) Importer(815301076,1909f56bfc062723c751e8b465ee728b)
Start importing Assets/Player/among.png using Guid(527e02d4a2712884788f8ec9629eccea) Importer(815301076,1909f56bfc062723c751e8b465ee728b)  -> (artifact id: '2abd3a4e3ecbed500adff821fe3e42b9') in 0.251102 seconds
  Import took 0.255711 seconds .

========================================================================
Received Import Request.
  Time since last request: 9.399681 seconds.
  path: Packages/com.unity.2d.sprite/Editor/ObjectMenuCreation/DefaultAssets/Textures/9-Sliced.png
  artifactKey: Guid(cc35afd292fc349128b36a291fb3a165) Importer(815301076,1909f56bfc062723c751e8b465ee728b)
Start importing Packages/com.unity.2d.sprite/Editor/ObjectMenuCreation/DefaultAssets/Textures/9-Sliced.png using Guid(cc35afd292fc349128b36a291fb3a165) Importer(815301076,1909f56bfc062723c751e8b465ee728b)  -> (artifact id: '64069edb0d1ab2f71bb11881e01b8f5d') in 0.036531 seconds
  Import took 0.040339 seconds .

========================================================================
Received Import Request.
  Time since last request: 0.000377 seconds.
  path: Packages/com.unity.2d.sprite/Editor/ObjectMenuCreation/DefaultAssets/Textures/HexagonPointed-Top.png
  artifactKey: Guid(4b2a04fdbe0ef4d8da8f90eaca817cd1) Importer(815301076,1909f56bfc062723c751e8b465ee728b)
Start importing Packages/com.unity.2d.sprite/Editor/ObjectMenuCreation/DefaultAssets/Textures/HexagonPointed-Top.png using Guid(4b2a04fdbe0ef4d8da8f90eaca817cd1) Importer(815301076,1909f56bfc062723c751e8b465ee728b)  -> (artifact id: '3c1fcd5aa210a7d53c1c26bacadd4a87') in 0.035455 seconds
  Import took 0.039142 seconds .

========================================================================
Received Import Request.
  Time since last request: 0.000355 seconds.
  path: Packages/com.unity.2d.sprite/Editor/ObjectMenuCreation/DefaultAssets/Textures/HexagonFlat-Top.png
  artifactKey: Guid(a9716c16a44a94eed9b5c90fbf4d9bdd) Importer(815301076,1909f56bfc062723c751e8b465ee728b)
Start importing Packages/com.unity.2d.sprite/Editor/ObjectMenuCreation/DefaultAssets/Textures/HexagonFlat-Top.png using Guid(a9716c16a44a94eed9b5c90fbf4d9bdd) Importer(815301076,1909f56bfc062723c751e8b465ee728b)  -> (artifact id: '4cf9991b5c2fd964f2b4337cc969e3fd') in 0.036132 seconds
  Import took 0.041908 seconds .

========================================================================
Received Import Request.
  Time since last request: 0.000257 seconds.
  path: Packages/com.unity.2d.sprite/Editor/ObjectMenuCreation/DefaultAssets/Textures/CircleMask.png
  artifactKey: Guid(87aaca0a643d54397ba969dab4fc8875) Importer(815301076,1909f56bfc062723c751e8b465ee728b)
Start importing Packages/com.unity.2d.sprite/Editor/ObjectMenuCreation/DefaultAssets/Textures/CircleMask.png using Guid(87aaca0a643d54397ba969dab4fc8875) Importer(815301076,1909f56bfc062723c751e8b465ee728b)  -> (artifact id: '994fe5df618b5240ea1409e93590ed73') in 0.031365 seconds
  Import took 0.035703 seconds .

========================================================================
Received Import Request.
  Time since last request: 0.000237 seconds.
  path: Packages/com.unity.2d.sprite/Editor/ObjectMenuCreation/DefaultAssets/Textures/9-Sliced.png
  artifactKey: Guid(cc35afd292fc349128b36a291fb3a165) Importer(815301076,1909f56bfc062723c751e8b465ee728b)
Start importing Packages/com.unity.2d.sprite/Editor/ObjectMenuCreation/DefaultAssets/Textures/9-Sliced.png using Guid(cc35afd292fc349128b36a291fb3a165) Importer(815301076,1909f56bfc062723c751e8b465ee728b)  -> (artifact id: '64069edb0d1ab2f71bb11881e01b8f5d') in 0.020520 seconds
  Import took 0.024827 seconds .

========================================================================
Received Import Request.
  Time since last request: 0.000243 seconds.
  path: Packages/com.unity.2d.sprite/Editor/ObjectMenuCreation/DefaultAssets/Textures/Circle.png
  artifactKey: Guid(4adeaf2d2b1c7417e89f026626d8264f) Importer(815301076,1909f56bfc062723c751e8b465ee728b)
Start importing Packages/com.unity.2d.sprite/Editor/ObjectMenuCreation/DefaultAssets/Textures/Circle.png using Guid(4adeaf2d2b1c7417e89f026626d8264f) Importer(815301076,1909f56bfc062723c751e8b465ee728b)  -> (artifact id: 'a8946835292d651ed81a7f0d2e529351') in 0.031839 seconds
  Import took 0.035743 seconds .

========================================================================
Received Import Request.
  Time since last request: 0.000278 seconds.
  path: Packages/com.unity.2d.sprite/Editor/ObjectMenuCreation/DefaultAssets/Textures/Square.png
  artifactKey: Guid(db750325989564987a34393247d883b4) Importer(815301076,1909f56bfc062723c751e8b465ee728b)
Start importing Packages/com.unity.2d.sprite/Editor/ObjectMenuCreation/DefaultAssets/Textures/Square.png using Guid(db750325989564987a34393247d883b4) Importer(815301076,1909f56bfc062723c751e8b465ee728b)  -> (artifact id: '5bc367c556c05e0b6eb1cd5c5501654c') in 0.029964 seconds
  Import took 0.033540 seconds .

========================================================================
Received Import Request.
  Time since last request: 0.000265 seconds.
  path: Packages/com.unity.2d.sprite/Editor/ObjectMenuCreation/DefaultAssets/Textures/Capsule.png
  artifactKey: Guid(34587324d412940a79d530020c957dc0) Importer(815301076,1909f56bfc062723c751e8b465ee728b)
Start importing Packages/com.unity.2d.sprite/Editor/ObjectMenuCreation/DefaultAssets/Textures/Capsule.png using Guid(34587324d412940a79d530020c957dc0) Importer(815301076,1909f56bfc062723c751e8b465ee728b)  -> (artifact id: 'e6d2881e6ad35f729ad5e8053e3dc510') in 0.022523 seconds
  Import took 0.026001 seconds .

========================================================================
Received Import Request.
  Time since last request: 0.000223 seconds.
  path: Packages/com.unity.2d.sprite/Editor/ObjectMenuCreation/DefaultAssets/Textures/IsometricDiamond.png
  artifactKey: Guid(0d267bc78a0864eb48358689b29ed20a) Importer(815301076,1909f56bfc062723c751e8b465ee728b)
Start importing Packages/com.unity.2d.sprite/Editor/ObjectMenuCreation/DefaultAssets/Textures/IsometricDiamond.png using Guid(0d267bc78a0864eb48358689b29ed20a) Importer(815301076,1909f56bfc062723c751e8b465ee728b)  -> (artifact id: '7e597a4bda9b545913df78bde0a13a83') in 0.025209 seconds
  Import took 0.028982 seconds .

========================================================================
Received Import Request.
  Time since last request: 1.744098 seconds.
  path: Packages/com.unity.2d.animation/Editor/Assets/SkinningModule/Icons/Light/Bone_Influence@3x.png
  artifactKey: Guid(cee9dbe90b270c944ae1dabf41c93b10) Importer(815301076,1909f56bfc062723c751e8b465ee728b)
Start importing Packages/com.unity.2d.animation/Editor/Assets/SkinningModule/Icons/Light/Bone_Influence@3x.png using Guid(cee9dbe90b270c944ae1dabf41c93b10) Importer(815301076,1909f56bfc062723c751e8b465ee728b)  -> (artifact id: '9b0216d8aa1ad991ba1b776bfbd917fe') in 0.028154 seconds
  Import took 0.032396 seconds .

========================================================================
Received Import Request.
  Time since last request: 0.000356 seconds.
  path: Packages/com.unity.2d.animation/Editor/Assets/SkinningModule/Icons/Selected/Bone_Influence@4x.png
  artifactKey: Guid(daf2ab606d4db0d4f9ecf4c02137d2a8) Importer(815301076,1909f56bfc062723c751e8b465ee728b)
Start importing Packages/com.unity.2d.animation/Editor/Assets/SkinningModule/Icons/Selected/Bone_Influence@4x.png using Guid(daf2ab606d4db0d4f9ecf4c02137d2a8) Importer(815301076,1909f56bfc062723c751e8b465ee728b)  -> (artifact id: '6cc2db56eb280e76c1ca8f21c5e1ada8') in 0.019987 seconds
  Import took 0.023566 seconds .

========================================================================
Received Import Request.
  Time since last request: 0.000366 seconds.
  path: Packages/com.unity.2d.animation/Editor/Assets/SkinningModule/Icons/Selected/character_Mode@2x.png
  artifactKey: Guid(5d52b20f865aff242bfcb08c3b6f61a5) Importer(815301076,1909f56bfc062723c751e8b465ee728b)
Start importing Packages/com.unity.2d.animation/Editor/Assets/SkinningModule/Icons/Selected/character_Mode@2x.png using Guid(5d52b20f865aff242bfcb08c3b6f61a5) Importer(815301076,1909f56bfc062723c751e8b465ee728b)  -> (artifact id: '9e42a59028d204bcf0a7b7ec6b12abd2') in 0.025889 seconds
  Import took 0.029578 seconds .

========================================================================
Received Import Request.
  Time since last request: 0.000320 seconds.
  path: Packages/com.unity.2d.animation/Editor/Assets/SkinningModule/Icons/Light/character_Mode@2x.png
  artifactKey: Guid(25096ce515c063c48a2bd6b108c95912) Importer(815301076,1909f56bfc062723c751e8b465ee728b)
Start importing Packages/com.unity.2d.animation/Editor/Assets/SkinningModule/Icons/Light/character_Mode@2x.png using Guid(25096ce515c063c48a2bd6b108c95912) Importer(815301076,1909f56bfc062723c751e8b465ee728b)  -> (artifact id: '81954e0077b1bac83f3d1ee44aebe595') in 0.016283 seconds
  Import took 0.019259 seconds .

========================================================================
Received Import Request.
  Time since last request: 0.000299 seconds.
  path: Packages/com.unity.2d.animation/Editor/Assets/SkinningModule/Icons/Light/character_Mode@3x.png
  artifactKey: Guid(17fa84703485d314b8d6b5216987d4b1) Importer(815301076,1909f56bfc062723c751e8b465ee728b)
Start importing Packages/com.unity.2d.animation/Editor/Assets/SkinningModule/Icons/Light/character_Mode@3x.png using Guid(17fa84703485d314b8d6b5216987d4b1) Importer(815301076,1909f56bfc062723c751e8b465ee728b)  -> (artifact id: '6c443e61f1fc40e650218ad6d1c75198') in 0.022439 seconds
  Import took 0.025970 seconds .

========================================================================
Received Import Request.
  Time since last request: 0.000331 seconds.
  path: Packages/com.unity.2d.animation/Editor/Assets/SkinningModule/Icons/Selected/character_Mode.png
  artifactKey: Guid(e60718119cec31e4190849292fcde068) Importer(815301076,1909f56bfc062723c751e8b465ee728b)
Start importing Packages/com.unity.2d.animation/Editor/Assets/SkinningModule/Icons/Selected/character_Mode.png using Guid(e60718119cec31e4190849292fcde068) Importer(815301076,1909f56bfc062723c751e8b465ee728b)  -> (artifact id: 'f422b47a7af6fe9aec3610b0730e40f4') in 0.022346 seconds
  Import took 0.025419 seconds .

========================================================================
Received Import Request.
  Time since last request: 0.000306 seconds.
  path: Packages/com.unity.2d.animation/Editor/Assets/SkinningModule/Icons/Light/Bone_Influence@4x.png
  artifactKey: Guid(c7aa62ae78ffca0498c89e5f45f94c0e) Importer(815301076,1909f56bfc062723c751e8b465ee728b)
Start importing Packages/com.unity.2d.animation/Editor/Assets/SkinningModule/Icons/Light/Bone_Influence@4x.png using Guid(c7aa62ae78ffca0498c89e5f45f94c0e) Importer(815301076,1909f56bfc062723c751e8b465ee728b)  -> (artifact id: '79e7cb811955a830967a52e5c7597429') in 0.022451 seconds
  Import took 0.026752 seconds .

========================================================================
Received Import Request.
  Time since last request: 0.000291 seconds.
  path: Packages/com.unity.2d.animation/Editor/Assets/SkinningModule/Icons/Light/character_Mode.png
  artifactKey: Guid(d4d64a6cd9624c34a815dd79fb2a20a4) Importer(815301076,1909f56bfc062723c751e8b465ee728b)
Start importing Packages/com.unity.2d.animation/Editor/Assets/SkinningModule/Icons/Light/character_Mode.png using Guid(d4d64a6cd9624c34a815dd79fb2a20a4) Importer(815301076,1909f56bfc062723c751e8b465ee728b)  -> (artifact id: '5dc24648de06b25973cf3dd0aa57898b') in 0.027696 seconds
  Import took 0.031568 seconds .

========================================================================
Received Import Request.
  Time since last request: 160.018713 seconds.
  path: Assets
  artifactKey: Guid(00000000000000001000000000000000) Importer(815301076,1909f56bfc062723c751e8b465ee728b)
Start importing Assets using Guid(00000000000000001000000000000000) Importer(815301076,1909f56bfc062723c751e8b465ee728b)  -> (artifact id: '4a6e520b92ccfc61bcfa21a7bcab8468') in 0.009745 seconds
  Import took 0.016392 seconds .

========================================================================
Received Import Request.
  Time since last request: 9.605600 seconds.
  path: Assets/Player/playerScript.cs
  artifactKey: Guid(c16bc051daf2af44fb6f570c1daefad3) Importer(815301076,1909f56bfc062723c751e8b465ee728b)
Start importing Assets/Player/playerScript.cs using Guid(c16bc051daf2af44fb6f570c1daefad3) Importer(815301076,1909f56bfc062723c751e8b465ee728b)  -> (artifact id: '7f7cc67f30aee2a921ae3088dcd2b50f') in 0.025351 seconds
  Import took 0.029533 seconds .

========================================================================
Received Import Request.
  Time since last request: 0.000298 seconds.
  path: Assets/Player/playerScript.cs
  artifactKey: Guid(c16bc051daf2af44fb6f570c1daefad3) Importer(815301076,1909f56bfc062723c751e8b465ee728b)
Start importing Assets/Player/playerScript.cs using Guid(c16bc051daf2af44fb6f570c1daefad3) Importer(815301076,1909f56bfc062723c751e8b465ee728b)  -> (artifact id: '7f7cc67f30aee2a921ae3088dcd2b50f') in 0.005329 seconds
  Import took 0.010043 seconds .

========================================================================
Received Prepare
Registering precompiled user dll's ...
Registered in 0.001197 seconds.
Begin MonoManager ReloadAssembly
Native extension for WindowsStandalone target not found
Refreshing native plugins compatible for Editor in 0.35 ms, found 1 plugins.
Preloading 0 native plugins for Editor in 0.00 ms.
Invoked RoslynAnalysisRunner static constructor.
RoslynAnalysisRunner will not be running.
RoslynAnalysisRunner has terminated.
Mono: successfully reloaded assembly
- Completed reload, in  1.059 seconds
Platform modules already initialized, skipping
Refreshing native plugins compatible for Editor in 0.40 ms, found 1 plugins.
Preloading 0 native plugins for Editor in 0.00 ms.
Unloading 1788 Unused Serialized files (Serialized files now loaded: 0)
System memory in use before: 87.3 MB.
System memory in use after: 87.3 MB.

Unloading 12 unused Assets to reduce memory usage. Loaded Objects now: 2261.
Total: 2.699500 ms (FindLiveObjects: 0.226800 ms CreateObjectMapping: 0.095500 ms MarkObjects: 2.249100 ms  DeleteObjects: 0.126500 ms)

========================================================================
Received Prepare
Registering precompiled user dll's ...
Registered in 0.001414 seconds.
Begin MonoManager ReloadAssembly
Native extension for WindowsStandalone target not found
Refreshing native plugins compatible for Editor in 0.36 ms, found 1 plugins.
Preloading 0 native plugins for Editor in 0.00 ms.
Invoked RoslynAnalysisRunner static constructor.
RoslynAnalysisRunner will not be running.
RoslynAnalysisRunner has terminated.
Mono: successfully reloaded assembly
- Completed reload, in  1.012 seconds
Platform modules already initialized, skipping
Refreshing native plugins compatible for Editor in 0.35 ms, found 1 plugins.
Preloading 0 native plugins for Editor in 0.00 ms.
Unloading 1788 Unused Serialized files (Serialized files now loaded: 0)
System memory in use before: 87.4 MB.
System memory in use after: 87.4 MB.

Unloading 12 unused Assets to reduce memory usage. Loaded Objects now: 2264.
Total: 2.957100 ms (FindLiveObjects: 0.458000 ms CreateObjectMapping: 0.123700 ms MarkObjects: 2.218200 ms  DeleteObjects: 0.129500 ms)

========================================================================
Received Import Request.
  Time since last request: 282.735602 seconds.
  path: Assets/Player/playerScript.cs
  artifactKey: Guid(c16bc051daf2af44fb6f570c1daefad3) Importer(815301076,1909f56bfc062723c751e8b465ee728b)
Start importing Assets/Player/playerScript.cs using Guid(c16bc051daf2af44fb6f570c1daefad3) Importer(815301076,1909f56bfc062723c751e8b465ee728b)  -> (artifact id: '16c64ef93572b73798498e6462659bfe') in 0.005923 seconds
  Import took 0.009187 seconds .

========================================================================
Received Prepare
Registering precompiled user dll's ...
Registered in 0.001809 seconds.
Begin MonoManager ReloadAssembly
Native extension for WindowsStandalone target not found
Refreshing native plugins compatible for Editor in 0.36 ms, found 1 plugins.
Preloading 0 native plugins for Editor in 0.00 ms.
Invoked RoslynAnalysisRunner static constructor.
RoslynAnalysisRunner will not be running.
RoslynAnalysisRunner has terminated.
Mono: successfully reloaded assembly
- Completed reload, in  1.035 seconds
Platform modules already initialized, skipping
Refreshing native plugins compatible for Editor in 0.35 ms, found 1 plugins.
Preloading 0 native plugins for Editor in 0.00 ms.
Unloading 1788 Unused Serialized files (Serialized files now loaded: 0)
System memory in use before: 87.5 MB.
System memory in use after: 87.5 MB.

Unloading 12 unused Assets to reduce memory usage. Loaded Objects now: 2267.
Total: 3.148500 ms (FindLiveObjects: 0.265100 ms CreateObjectMapping: 0.095800 ms MarkObjects: 2.646700 ms  DeleteObjects: 0.139600 ms)

========================================================================
Received Import Request.
  Time since last request: 360.168320 seconds.
  path: Assets/Player/playerScript.cs
  artifactKey: Guid(c16bc051daf2af44fb6f570c1daefad3) Importer(815301076,1909f56bfc062723c751e8b465ee728b)
Start importing Assets/Player/playerScript.cs using Guid(c16bc051daf2af44fb6f570c1daefad3) Importer(815301076,1909f56bfc062723c751e8b465ee728b)  -> (artifact id: '0341b851e204585b9611a4c472742228') in 0.012953 seconds
  Import took 0.016775 seconds .

========================================================================
Received Import Request.
  Time since last request: 275.606245 seconds.
  path: Assets/Player/playerScript.cs
  artifactKey: Guid(c16bc051daf2af44fb6f570c1daefad3) Importer(815301076,1909f56bfc062723c751e8b465ee728b)
Start importing Assets/Player/playerScript.cs using Guid(c16bc051daf2af44fb6f570c1daefad3) Importer(815301076,1909f56bfc062723c751e8b465ee728b)  -> (artifact id: '516a66d51560fdd6b8a368b5f3e9ca2e') in 0.021178 seconds
  Import took 0.026214 seconds .

========================================================================
Received Import Request.
  Time since last request: 15.231118 seconds.
  path: Assets/Player/playerScript.cs
  artifactKey: Guid(c16bc051daf2af44fb6f570c1daefad3) Importer(815301076,1909f56bfc062723c751e8b465ee728b)
Start importing Assets/Player/playerScript.cs using Guid(c16bc051daf2af44fb6f570c1daefad3) Importer(815301076,1909f56bfc062723c751e8b465ee728b)  -> (artifact id: '0d325171d1a6bfc2e6c3815d22103397') in 0.011074 seconds
  Import took 0.015111 seconds .

========================================================================
Received Prepare
Registering precompiled user dll's ...
Registered in 0.001598 seconds.
Begin MonoManager ReloadAssembly
Native extension for WindowsStandalone target not found
Refreshing native plugins compatible for Editor in 0.46 ms, found 1 plugins.
Preloading 0 native plugins for Editor in 0.00 ms.
Invoked RoslynAnalysisRunner static constructor.
RoslynAnalysisRunner will not be running.
RoslynAnalysisRunner has terminated.
Mono: successfully reloaded assembly
- Completed reload, in  1.059 seconds
Platform modules already initialized, skipping
Refreshing native plugins compatible for Editor in 0.36 ms, found 1 plugins.
Preloading 0 native plugins for Editor in 0.00 ms.
Unloading 1788 Unused Serialized files (Serialized files now loaded: 0)
System memory in use before: 87.6 MB.
System memory in use after: 87.6 MB.

Unloading 12 unused Assets to reduce memory usage. Loaded Objects now: 2270.
Total: 3.422700 ms (FindLiveObjects: 0.390700 ms CreateObjectMapping: 0.254300 ms MarkObjects: 2.634300 ms  DeleteObjects: 0.142300 ms)

========================================================================
Received Import Request.
  Time since last request: 17.956826 seconds.
  path: Assets/Player/playerScript.cs
  artifactKey: Guid(c16bc051daf2af44fb6f570c1daefad3) Importer(815301076,1909f56bfc062723c751e8b465ee728b)
Start importing Assets/Player/playerScript.cs using Guid(c16bc051daf2af44fb6f570c1daefad3) Importer(815301076,1909f56bfc062723c751e8b465ee728b)  -> (artifact id: '62a29299af544d8d2934850c590c58ea') in 0.005995 seconds
  Import took 0.009383 seconds .

========================================================================
Received Prepare
Registering precompiled user dll's ...
Registered in 0.001275 seconds.
Begin MonoManager ReloadAssembly
Native extension for WindowsStandalone target not found
Refreshing native plugins compatible for Editor in 0.39 ms, found 1 plugins.
Preloading 0 native plugins for Editor in 0.00 ms.
Invoked RoslynAnalysisRunner static constructor.
RoslynAnalysisRunner will not be running.
RoslynAnalysisRunner has terminated.
Mono: successfully reloaded assembly
- Completed reload, in  1.099 seconds
Platform modules already initialized, skipping
Refreshing native plugins compatible for Editor in 0.36 ms, found 1 plugins.
Preloading 0 native plugins for Editor in 0.00 ms.
Unloading 1788 Unused Serialized files (Serialized files now loaded: 0)
System memory in use before: 87.6 MB.
System memory in use after: 87.6 MB.

Unloading 12 unused Assets to reduce memory usage. Loaded Objects now: 2273.
Total: 2.868900 ms (FindLiveObjects: 0.260100 ms CreateObjectMapping: 0.196800 ms MarkObjects: 2.270400 ms  DeleteObjects: 0.139600 ms)

========================================================================
Received Prepare
Registering precompiled user dll's ...
Registered in 0.001550 seconds.
Begin MonoManager ReloadAssembly
Native extension for WindowsStandalone target not found
Refreshing native plugins compatible for Editor in 0.39 ms, found 1 plugins.
Preloading 0 native plugins for Editor in 0.00 ms.
Invoked RoslynAnalysisRunner static constructor.
RoslynAnalysisRunner will not be running.
RoslynAnalysisRunner has terminated.
Mono: successfully reloaded assembly
- Completed reload, in  1.238 seconds
Platform modules already initialized, skipping
Refreshing native plugins compatible for Editor in 0.41 ms, found 1 plugins.
Preloading 0 native plugins for Editor in 0.00 ms.
Unloading 1788 Unused Serialized files (Serialized files now loaded: 0)
System memory in use before: 87.7 MB.
System memory in use after: 87.7 MB.

Unloading 12 unused Assets to reduce memory usage. Loaded Objects now: 2276.
Total: 3.525200 ms (FindLiveObjects: 0.252800 ms CreateObjectMapping: 0.092400 ms MarkObjects: 2.988800 ms  DeleteObjects: 0.155500 ms)

========================================================================
Received Import Request.
  Time since last request: 63.998490 seconds.
  path: Assets/Player/playerScript.cs
  artifactKey: Guid(c16bc051daf2af44fb6f570c1daefad3) Importer(815301076,1909f56bfc062723c751e8b465ee728b)
Start importing Assets/Player/playerScript.cs using Guid(c16bc051daf2af44fb6f570c1daefad3) Importer(815301076,1909f56bfc062723c751e8b465ee728b)  -> (artifact id: 'be2e6603f20dc5bca2375cce17ac39db') in 0.009743 seconds
  Import took 0.013727 seconds .

========================================================================
Received Import Request.
  Time since last request: 135.779209 seconds.
  path: Assets/Tilesets/TilesetExample.psd
  artifactKey: Guid(233c930185d59e8479573a920cda4d6c) Importer(815301076,1909f56bfc062723c751e8b465ee728b)
Start importing Assets/Tilesets/TilesetExample.psd using Guid(233c930185d59e8479573a920cda4d6c) Importer(815301076,1909f56bfc062723c751e8b465ee728b)  -> (artifact id: '0ddcc16f49cf4d18ab276220a9a20ff5') in 0.072820 seconds
  Import took 0.076454 seconds .

========================================================================
Received Import Request.
  Time since last request: 6.379589 seconds.
  path: Assets/Tilesets/TilesetExample.asset
  artifactKey: Guid(ebc5ec5175f38f9458380fef9726374b) Importer(815301076,1909f56bfc062723c751e8b465ee728b)
Start importing Assets/Tilesets/TilesetExample.asset using Guid(ebc5ec5175f38f9458380fef9726374b) Importer(815301076,1909f56bfc062723c751e8b465ee728b)  -> (artifact id: '39137e5f59aeeecc751625031098ac35') in 0.070932 seconds
  Import took 0.074411 seconds .

========================================================================
Received Import Request.
  Time since last request: 27.079158 seconds.
  path: Assets/Palettes/worldPalette.prefab
  artifactKey: Guid(150724cc6779ab94f867a2715e658243) Importer(815301076,1909f56bfc062723c751e8b465ee728b)
Start importing Assets/Palettes/worldPalette.prefab using Guid(150724cc6779ab94f867a2715e658243) Importer(815301076,1909f56bfc062723c751e8b465ee728b)  -> (artifact id: '39c54cfbf56e54bb08f9de77d55d806d') in 0.019438 seconds
  Import took 0.022985 seconds .

========================================================================
Received Import Request.
  Time since last request: 59.333607 seconds.
  path: Assets/Palettes/worldPalette.prefab
  artifactKey: Guid(150724cc6779ab94f867a2715e658243) Importer(815301076,1909f56bfc062723c751e8b465ee728b)
Start importing Assets/Palettes/worldPalette.prefab using Guid(150724cc6779ab94f867a2715e658243) Importer(815301076,1909f56bfc062723c751e8b465ee728b)  -> (artifact id: '4436aa62048c6b8b6e6209290f4f541a') in 0.016570 seconds
  Import took 0.020261 seconds .

========================================================================
Received Import Request.
  Time since last request: 29.123844 seconds.
  path: Assets/Tilesets
  artifactKey: Guid(5bd21152fdf830d4cbf93254ac2e1525) Importer(815301076,1909f56bfc062723c751e8b465ee728b)
Start importing Assets/Tilesets using Guid(5bd21152fdf830d4cbf93254ac2e1525) Importer(815301076,1909f56bfc062723c751e8b465ee728b)  -> (artifact id: 'e1e1103ec2ae4ff29f4d92cd646c3d5e') in 0.010180 seconds
  Import took 0.013701 seconds .

========================================================================
Received Import Request.
  Time since last request: 68.413448 seconds.
  path: Assets/Tilesets/TilesetExample.psd
  artifactKey: Guid(233c930185d59e8479573a920cda4d6c) Importer(815301076,1909f56bfc062723c751e8b465ee728b)
Start importing Assets/Tilesets/TilesetExample.psd using Guid(233c930185d59e8479573a920cda4d6c) Importer(815301076,1909f56bfc062723c751e8b465ee728b)  -> (artifact id: '0b316f8624d5e89c98e2ab30b6304895') in 0.032092 seconds
  Import took 0.037657 seconds .

========================================================================
Received Import Request.
  Time since last request: 14.106264 seconds.
  path: Assets/Tilesets/TilesetExample.psd
  artifactKey: Guid(233c930185d59e8479573a920cda4d6c) Importer(815301076,1909f56bfc062723c751e8b465ee728b)
Start importing Assets/Tilesets/TilesetExample.psd using Guid(233c930185d59e8479573a920cda4d6c) Importer(815301076,1909f56bfc062723c751e8b465ee728b)  -> (artifact id: '869e58186211725079b798afeab25dad') in 0.021654 seconds
  Import took 0.026037 seconds .

========================================================================
Received Import Request.
  Time since last request: 27.277855 seconds.
  path: Assets/Tilesets/TilesetExample.psd
  artifactKey: Guid(233c930185d59e8479573a920cda4d6c) Importer(815301076,1909f56bfc062723c751e8b465ee728b)
Start importing Assets/Tilesets/TilesetExample.psd using Guid(233c930185d59e8479573a920cda4d6c) Importer(815301076,1909f56bfc062723c751e8b465ee728b)  -> (artifact id: '979b9ee3fd47212f5d75d3f00974d8d9') in 0.188057 seconds
  Import took 0.193419 seconds .

========================================================================
Received Import Request.
  Time since last request: 27.055642 seconds.
  path: Assets/Tilesets/TilesetExample_0.asset
  artifactKey: Guid(c2f07124b47fdcc488b5abf2adef97b7) Importer(815301076,1909f56bfc062723c751e8b465ee728b)
Start importing Assets/Tilesets/TilesetExample_0.asset using Guid(c2f07124b47fdcc488b5abf2adef97b7) Importer(815301076,1909f56bfc062723c751e8b465ee728b)  -> (artifact id: '109617ce2918dfa296a8d5b05235fe14') in 0.025196 seconds
  Import took 0.029417 seconds .

========================================================================
Received Import Request.
  Time since last request: 0.000292 seconds.
  path: Assets/Tilesets/TilesetExample_9.asset
  artifactKey: Guid(5dc63f8dee488f445b67a1bc0594ebfd) Importer(815301076,1909f56bfc062723c751e8b465ee728b)
Start importing Assets/Tilesets/TilesetExample_9.asset using Guid(5dc63f8dee488f445b67a1bc0594ebfd) Importer(815301076,1909f56bfc062723c751e8b465ee728b)  -> (artifact id: '4cac70f3989d0f64e3b3f70143bed8a1') in 0.022444 seconds
  Import took 0.025902 seconds .

========================================================================
Received Import Request.
  Time since last request: 0.000243 seconds.
  path: Assets/Tilesets/TilesetExample_20.asset
  artifactKey: Guid(d4eda6c73a6876347b253d92f574119f) Importer(815301076,1909f56bfc062723c751e8b465ee728b)
Start importing Assets/Tilesets/TilesetExample_20.asset using Guid(d4eda6c73a6876347b253d92f574119f) Importer(815301076,1909f56bfc062723c751e8b465ee728b)  -> (artifact id: 'dd8249ab52a2c5fdf13d4a10dc9b8064') in 0.021299 seconds
  Import took 0.024650 seconds .

========================================================================
Received Import Request.
  Time since last request: 0.000221 seconds.
  path: Assets/Tilesets/TilesetExample_27.asset
  artifactKey: Guid(b1f5136158386be47bb1db99cc205e22) Importer(815301076,1909f56bfc062723c751e8b465ee728b)
Start importing Assets/Tilesets/TilesetExample_27.asset using Guid(b1f5136158386be47bb1db99cc205e22) Importer(815301076,1909f56bfc062723c751e8b465ee728b)  -> (artifact id: '2e13397195dc119e657cdaca4cb1236b') in 0.025185 seconds
  Import took 0.028775 seconds .

========================================================================
Received Import Request.
  Time since last request: 0.000213 seconds.
  path: Assets/Tilesets/TilesetExample_34.asset
  artifactKey: Guid(8b01585400a1f1841920e60abec6e362) Importer(815301076,1909f56bfc062723c751e8b465ee728b)
Start importing Assets/Tilesets/TilesetExample_34.asset using Guid(8b01585400a1f1841920e60abec6e362) Importer(815301076,1909f56bfc062723c751e8b465ee728b)  -> (artifact id: 'b6ffb068f41ba97ce7e8cfd90d08ce76') in 0.017695 seconds
  Import took 0.022405 seconds .

========================================================================
Received Import Request.
  Time since last request: 0.000235 seconds.
  path: Assets/Tilesets/TilesetExample_14.asset
  artifactKey: Guid(80431fad4e7869545971f9762bc21351) Importer(815301076,1909f56bfc062723c751e8b465ee728b)
Start importing Assets/Tilesets/TilesetExample_14.asset using Guid(80431fad4e7869545971f9762bc21351) Importer(815301076,1909f56bfc062723c751e8b465ee728b)  -> (artifact id: 'a494c1d49352a07e10e876971a38bdd7') in 0.022332 seconds
  Import took 0.026282 seconds .

========================================================================
Received Import Request.
  Time since last request: 0.000212 seconds.
  path: Assets/Tilesets/TilesetExample_2.asset
  artifactKey: Guid(c1b2ed979cb13204da6b175b56c2f6b9) Importer(815301076,1909f56bfc062723c751e8b465ee728b)
Start importing Assets/Tilesets/TilesetExample_2.asset using Guid(c1b2ed979cb13204da6b175b56c2f6b9) Importer(815301076,1909f56bfc062723c751e8b465ee728b)  -> (artifact id: '968bbe6af25c0389967fd4c445863d9a') in 0.020077 seconds
  Import took 0.023325 seconds .

========================================================================
Received Import Request.
  Time since last request: 0.000227 seconds.
  path: Assets/Tilesets/TilesetExample_10.asset
  artifactKey: Guid(703bb78db26078c428a33272a5434184) Importer(815301076,1909f56bfc062723c751e8b465ee728b)
Start importing Assets/Tilesets/TilesetExample_10.asset using Guid(703bb78db26078c428a33272a5434184) Importer(815301076,1909f56bfc062723c751e8b465ee728b)  -> (artifact id: 'f66b0a2ced47d195c16a738b8f17883e') in 0.033013 seconds
  Import took 0.036446 seconds .

========================================================================
Received Import Request.
  Time since last request: 0.000321 seconds.
  path: Assets/Tilesets/TilesetExample_21.asset
  artifactKey: Guid(88236a172dd2d7e429b6fb4b062fcebf) Importer(815301076,1909f56bfc062723c751e8b465ee728b)
Start importing Assets/Tilesets/TilesetExample_21.asset using Guid(88236a172dd2d7e429b6fb4b062fcebf) Importer(815301076,1909f56bfc062723c751e8b465ee728b)  -> (artifact id: '3836ef7d0a73a86de350c85e96292876') in 0.040696 seconds
  Import took 0.044561 seconds .

========================================================================
Received Import Request.
  Time since last request: 0.000264 seconds.
  path: Assets/Tilesets/TilesetExample_8.asset
  artifactKey: Guid(01b8c11461384f141bd6a46efabacbb8) Importer(815301076,1909f56bfc062723c751e8b465ee728b)
Start importing Assets/Tilesets/TilesetExample_8.asset using Guid(01b8c11461384f141bd6a46efabacbb8) Importer(815301076,1909f56bfc062723c751e8b465ee728b)  -> (artifact id: 'b03ab799433b915961f3ce8c85fa3e50') in 0.035680 seconds
  Import took 0.039901 seconds .

========================================================================
Received Import Request.
  Time since last request: 0.000229 seconds.
  path: Assets/Tilesets/TilesetExample_11.asset
  artifactKey: Guid(6f0a9ef98fc696d48afb2a9c80a52f16) Importer(815301076,1909f56bfc062723c751e8b465ee728b)
Start importing Assets/Tilesets/TilesetExample_11.asset using Guid(6f0a9ef98fc696d48afb2a9c80a52f16) Importer(815301076,1909f56bfc062723c751e8b465ee728b)  -> (artifact id: '679df56e12f27566e4441d7f9b1cc2ef') in 0.044259 seconds
  Import took 0.047764 seconds .

========================================================================
Received Import Request.
  Time since last request: 0.000208 seconds.
  path: Assets/Tilesets/TilesetExample_23.asset
  artifactKey: Guid(d56d936193e4b34459fd90ace6ca30c4) Importer(815301076,1909f56bfc062723c751e8b465ee728b)
Start importing Assets/Tilesets/TilesetExample_23.asset using Guid(d56d936193e4b34459fd90ace6ca30c4) Importer(815301076,1909f56bfc062723c751e8b465ee728b)  -> (artifact id: 'ad77780661e28ea09af0a9205022e4a8') in 0.020711 seconds
  Import took 0.024090 seconds .

========================================================================
Received Import Request.
  Time since last request: 0.001224 seconds.
  path: Assets/Tilesets/TilesetExample_1.asset
  artifactKey: Guid(9c88ee738c4fc16469e9c5593eed54df) Importer(815301076,1909f56bfc062723c751e8b465ee728b)
Start importing Assets/Tilesets/TilesetExample_1.asset using Guid(9c88ee738c4fc16469e9c5593eed54df) Importer(815301076,1909f56bfc062723c751e8b465ee728b)  -> (artifact id: '5d3bde769cca1c83d0c6b4fb16a45abe') in 0.016345 seconds
  Import took 0.020283 seconds .

========================================================================
Received Import Request.
  Time since last request: 0.000336 seconds.
  path: Assets/Tilesets/TilesetExample_6.asset
  artifactKey: Guid(f73e0da0a483f6f4bbbef4bc136208c2) Importer(815301076,1909f56bfc062723c751e8b465ee728b)
Start importing Assets/Tilesets/TilesetExample_6.asset using Guid(f73e0da0a483f6f4bbbef4bc136208c2) Importer(815301076,1909f56bfc062723c751e8b465ee728b)  -> (artifact id: '59242fcc17eca02c6e7bb1ae875a0033') in 0.021389 seconds
  Import took 0.024781 seconds .

========================================================================
Received Import Request.
  Time since last request: 0.000228 seconds.
  path: Assets/Tilesets/TilesetExample_15.asset
  artifactKey: Guid(193f435c493f0b344a4ed94836e51c2c) Importer(815301076,1909f56bfc062723c751e8b465ee728b)
Start importing Assets/Tilesets/TilesetExample_15.asset using Guid(193f435c493f0b344a4ed94836e51c2c) Importer(815301076,1909f56bfc062723c751e8b465ee728b)  -> (artifact id: '4bc490078a8ae3e01f870d66a7f265f3') in 0.015945 seconds
  Import took 0.019421 seconds .

========================================================================
Received Import Request.
  Time since last request: 0.000233 seconds.
  path: Assets/Tilesets/TilesetExample_16.asset
  artifactKey: Guid(ac7093066bc5c89429545a70e9f73f9b) Importer(815301076,1909f56bfc062723c751e8b465ee728b)
Start importing Assets/Tilesets/TilesetExample_16.asset using Guid(ac7093066bc5c89429545a70e9f73f9b) Importer(815301076,1909f56bfc062723c751e8b465ee728b)  -> (artifact id: 'e4096a02ceba663abfe8d86587544eed') in 0.020007 seconds
  Import took 0.024145 seconds .

========================================================================
Received Import Request.
  Time since last request: 0.000228 seconds.
  path: Assets/Tilesets/TilesetExample_31.asset
  artifactKey: Guid(2ed9a0850054d1a428f1de238ab9aab9) Importer(815301076,1909f56bfc062723c751e8b465ee728b)
Start importing Assets/Tilesets/TilesetExample_31.asset using Guid(2ed9a0850054d1a428f1de238ab9aab9) Importer(815301076,1909f56bfc062723c751e8b465ee728b)  -> (artifact id: '6f06f6ecec2880c30722f654b158c22f') in 0.017614 seconds
  Import took 0.021162 seconds .

========================================================================
Received Import Request.
  Time since last request: 0.000238 seconds.
  path: Assets/Tilesets/TilesetExample_5.asset
  artifactKey: Guid(8ddd33ca0f2d291459b6d67e9350a7d5) Importer(815301076,1909f56bfc062723c751e8b465ee728b)
Start importing Assets/Tilesets/TilesetExample_5.asset using Guid(8ddd33ca0f2d291459b6d67e9350a7d5) Importer(815301076,1909f56bfc062723c751e8b465ee728b)  -> (artifact id: 'f0ee2ec798be2513b48223d4022572c4') in 0.023956 seconds
  Import took 0.027941 seconds .

========================================================================
Received Import Request.
  Time since last request: 0.000224 seconds.
  path: Assets/Tilesets/TilesetExample_30.asset
  artifactKey: Guid(d8a8609bdc5cf74479d2129e60a19a28) Importer(815301076,1909f56bfc062723c751e8b465ee728b)
Start importing Assets/Tilesets/TilesetExample_30.asset using Guid(d8a8609bdc5cf74479d2129e60a19a28) Importer(815301076,1909f56bfc062723c751e8b465ee728b)  -> (artifact id: 'f65cc08020687b98677e512a90136510') in 0.015553 seconds
  Import took 0.019069 seconds .

========================================================================
Received Import Request.
  Time since last request: 0.000220 seconds.
  path: Assets/Tilesets/TilesetExample_12.asset
  artifactKey: Guid(c096dbc1767c78843b2876fbe0bf1359) Importer(815301076,1909f56bfc062723c751e8b465ee728b)
Start importing Assets/Tilesets/TilesetExample_12.asset using Guid(c096dbc1767c78843b2876fbe0bf1359) Importer(815301076,1909f56bfc062723c751e8b465ee728b)  -> (artifact id: '9c2d2f8d39edefa981fd9a2e0de6fa56') in 0.020390 seconds
  Import took 0.024837 seconds .

========================================================================
Received Import Request.
  Time since last request: 0.000239 seconds.
  path: Assets/Tilesets/TilesetExample_26.asset
  artifactKey: Guid(7a80973ae16253e439045b1dce689e65) Importer(815301076,1909f56bfc062723c751e8b465ee728b)
Start importing Assets/Tilesets/TilesetExample_26.asset using Guid(7a80973ae16253e439045b1dce689e65) Importer(815301076,1909f56bfc062723c751e8b465ee728b)  -> (artifact id: 'f1594ec0d8f88b500d7082af5eb68db0') in 0.017955 seconds
  Import took 0.021177 seconds .

========================================================================
Received Import Request.
  Time since last request: 0.000237 seconds.
  path: Assets/Tilesets/TilesetExample_29.asset
  artifactKey: Guid(50459dfd52bed6248ad98aafa3fe36d0) Importer(815301076,1909f56bfc062723c751e8b465ee728b)
Start importing Assets/Tilesets/TilesetExample_29.asset using Guid(50459dfd52bed6248ad98aafa3fe36d0) Importer(815301076,1909f56bfc062723c751e8b465ee728b)  -> (artifact id: '58ae886de8683a1120adc04b0c28e393') in 0.018224 seconds
  Import took 0.021619 seconds .

========================================================================
Received Import Request.
  Time since last request: 0.000240 seconds.
  path: Assets/Tilesets/TilesetExample_17.asset
  artifactKey: Guid(927f5c14e0086ea458157a69ea08bfcd) Importer(815301076,1909f56bfc062723c751e8b465ee728b)
Start importing Assets/Tilesets/TilesetExample_17.asset using Guid(927f5c14e0086ea458157a69ea08bfcd) Importer(815301076,1909f56bfc062723c751e8b465ee728b)  -> (artifact id: 'ae83f60c93d938cb348def0134b4473c') in 0.015993 seconds
  Import took 0.019502 seconds .

========================================================================
Received Import Request.
  Time since last request: 0.000206 seconds.
  path: Assets/Tilesets/TilesetExample_4.asset
  artifactKey: Guid(b54a0561b0723ff45aa62c91c02686b3) Importer(815301076,1909f56bfc062723c751e8b465ee728b)
Start importing Assets/Tilesets/TilesetExample_4.asset using Guid(b54a0561b0723ff45aa62c91c02686b3) Importer(815301076,1909f56bfc062723c751e8b465ee728b)  -> (artifact id: '1046555ea2a1ab61f80d13febd01c72c') in 0.022550 seconds
  Import took 0.025913 seconds .

========================================================================
Received Import Request.
  Time since last request: 0.000225 seconds.
  path: Assets/Tilesets/TilesetExample_3.asset
  artifactKey: Guid(06321465d24643a4992a368ab616d613) Importer(815301076,1909f56bfc062723c751e8b465ee728b)
Start importing Assets/Tilesets/TilesetExample_3.asset using Guid(06321465d24643a4992a368ab616d613) Importer(815301076,1909f56bfc062723c751e8b465ee728b)  -> (artifact id: '3307005c009675adbac75bae27cd629e') in 0.016851 seconds
  Import took 0.020117 seconds .

========================================================================
Received Import Request.
  Time since last request: 0.000291 seconds.
  path: Assets/Tilesets/TilesetExample_7.asset
  artifactKey: Guid(6ea935297aa52ad4b93f646e17fa2759) Importer(815301076,1909f56bfc062723c751e8b465ee728b)
Start importing Assets/Tilesets/TilesetExample_7.asset using Guid(6ea935297aa52ad4b93f646e17fa2759) Importer(815301076,1909f56bfc062723c751e8b465ee728b)  -> (artifact id: 'fb98f22a592e9ec5041cf74ef3bbd026') in 0.024402 seconds
  Import took 0.027786 seconds .

========================================================================
Received Import Request.
  Time since last request: 0.000239 seconds.
  path: Assets/Tilesets/TilesetExample_24.asset
  artifactKey: Guid(f6127d8b45fa365459691a02db347107) Importer(815301076,1909f56bfc062723c751e8b465ee728b)
Start importing Assets/Tilesets/TilesetExample_24.asset using Guid(f6127d8b45fa365459691a02db347107) Importer(815301076,1909f56bfc062723c751e8b465ee728b)  -> (artifact id: '1fe50860a6e3fd23c28808746fecea22') in 0.016150 seconds
  Import took 0.019821 seconds .

========================================================================
Received Import Request.
  Time since last request: 0.000360 seconds.
  path: Assets/Tilesets/TilesetExample_13.asset
  artifactKey: Guid(fca985a7212d8af4ca023f7aa2cd2f20) Importer(815301076,1909f56bfc062723c751e8b465ee728b)
Start importing Assets/Tilesets/TilesetExample_13.asset using Guid(fca985a7212d8af4ca023f7aa2cd2f20) Importer(815301076,1909f56bfc062723c751e8b465ee728b)  -> (artifact id: '4bd859bc708a62b286ce3c6e6a3f4ccc') in 0.026599 seconds
  Import took 0.030347 seconds .

========================================================================
Received Import Request.
  Time since last request: 0.000265 seconds.
  path: Assets/Tilesets/TilesetExample_22.asset
  artifactKey: Guid(2c3ecba73e7441047b24cd6ee9abf333) Importer(815301076,1909f56bfc062723c751e8b465ee728b)
Start importing Assets/Tilesets/TilesetExample_22.asset using Guid(2c3ecba73e7441047b24cd6ee9abf333) Importer(815301076,1909f56bfc062723c751e8b465ee728b)  -> (artifact id: 'a3167d0c0a1e5b82c0f632d51efcd4b8') in 0.017162 seconds
  Import took 0.020983 seconds .

========================================================================
Received Import Request.
  Time since last request: 0.000220 seconds.
  path: Assets/Tilesets/TilesetExample_32.asset
  artifactKey: Guid(cd5211d74d7bf834dbc71e566ddcfd3f) Importer(815301076,1909f56bfc062723c751e8b465ee728b)
Start importing Assets/Tilesets/TilesetExample_32.asset using Guid(cd5211d74d7bf834dbc71e566ddcfd3f) Importer(815301076,1909f56bfc062723c751e8b465ee728b)  -> (artifact id: 'd490ceeadf945d5d9970317b05808c26') in 0.035986 seconds
  Import took 0.039311 seconds .

========================================================================
Received Import Request.
  Time since last request: 0.000237 seconds.
  path: Assets/Tilesets/TilesetExample_33.asset
  artifactKey: Guid(9b92160a69094724e965ee475b61e086) Importer(815301076,1909f56bfc062723c751e8b465ee728b)
Start importing Assets/Tilesets/TilesetExample_33.asset using Guid(9b92160a69094724e965ee475b61e086) Importer(815301076,1909f56bfc062723c751e8b465ee728b)  -> (artifact id: '58efec726eb373ad5e05fc709905e629') in 0.017105 seconds
  Import took 0.020334 seconds .

========================================================================
Received Import Request.
  Time since last request: 0.000256 seconds.
  path: Assets/Tilesets/TilesetExample_28.asset
  artifactKey: Guid(57dd1dfea2a6cd74eb53ef584807eb70) Importer(815301076,1909f56bfc062723c751e8b465ee728b)
Start importing Assets/Tilesets/TilesetExample_28.asset using Guid(57dd1dfea2a6cd74eb53ef584807eb70) Importer(815301076,1909f56bfc062723c751e8b465ee728b)  -> (artifact id: 'bd7f6f7410e28b773c694c569401bd85') in 0.025109 seconds
  Import took 0.029102 seconds .

========================================================================
Received Import Request.
  Time since last request: 0.000228 seconds.
  path: Assets/Tilesets/TilesetExample_18.asset
  artifactKey: Guid(7165e2488cfec044da3fcabf5a11ad58) Importer(815301076,1909f56bfc062723c751e8b465ee728b)
Start importing Assets/Tilesets/TilesetExample_18.asset using Guid(7165e2488cfec044da3fcabf5a11ad58) Importer(815301076,1909f56bfc062723c751e8b465ee728b)  -> (artifact id: 'f70d7d5f31b6e57549404140725d01cc') in 0.019286 seconds
  Import took 0.023147 seconds .

========================================================================
Received Import Request.
  Time since last request: 0.000351 seconds.
  path: Assets/Tilesets/TilesetExample_25.asset
  artifactKey: Guid(ebf078591b7d227489b5b24d04897bf2) Importer(815301076,1909f56bfc062723c751e8b465ee728b)
Start importing Assets/Tilesets/TilesetExample_25.asset using Guid(ebf078591b7d227489b5b24d04897bf2) Importer(815301076,1909f56bfc062723c751e8b465ee728b)  -> (artifact id: '5c78f3a5272de5725f3cfbcea4d2e70e') in 0.022123 seconds
  Import took 0.026388 seconds .

========================================================================
Received Import Request.
  Time since last request: 0.000253 seconds.
  path: Assets/Tilesets/TilesetExample_19.asset
  artifactKey: Guid(573c0d47883123c419f9e485a43cb635) Importer(815301076,1909f56bfc062723c751e8b465ee728b)
Start importing Assets/Tilesets/TilesetExample_19.asset using Guid(573c0d47883123c419f9e485a43cb635) Importer(815301076,1909f56bfc062723c751e8b465ee728b)  -> (artifact id: '4989d9684d3d4e94a9aa58056aa7d503') in 0.013714 seconds
  Import took 0.016945 seconds .

========================================================================
Received Import Request.
  Time since last request: 0.000213 seconds.
  path: Assets/Tilesets/TilesetExample_35.asset
  artifactKey: Guid(f6ef5a6d15c91724aabedc4741a5273b) Importer(815301076,1909f56bfc062723c751e8b465ee728b)
Start importing Assets/Tilesets/TilesetExample_35.asset using Guid(f6ef5a6d15c91724aabedc4741a5273b) Importer(815301076,1909f56bfc062723c751e8b465ee728b)  -> (artifact id: 'bd2ff124f5f1380f9dd7b096e8a5eba2') in 0.016920 seconds
  Import took 0.020008 seconds .

========================================================================
Received Prepare
Registering precompiled user dll's ...
Registered in 0.001857 seconds.
Begin MonoManager ReloadAssembly
Native extension for WindowsStandalone target not found
Refreshing native plugins compatible for Editor in 0.46 ms, found 1 plugins.
Preloading 0 native plugins for Editor in 0.00 ms.
Invoked RoslynAnalysisRunner static constructor.
RoslynAnalysisRunner will not be running.
RoslynAnalysisRunner has terminated.
Mono: successfully reloaded assembly
- Completed reload, in  1.024 seconds
Platform modules already initialized, skipping
Refreshing native plugins compatible for Editor in 0.37 ms, found 1 plugins.
Preloading 0 native plugins for Editor in 0.00 ms.
Unloading 1788 Unused Serialized files (Serialized files now loaded: 0)
System memory in use before: 87.9 MB.
System memory in use after: 87.9 MB.

Unloading 12 unused Assets to reduce memory usage. Loaded Objects now: 2282.
Total: 2.235900 ms (FindLiveObjects: 0.290500 ms CreateObjectMapping: 0.124200 ms MarkObjects: 1.660800 ms  DeleteObjects: 0.159300 ms)

========================================================================
Received Prepare
Registering precompiled user dll's ...
Registered in 0.001222 seconds.
Begin MonoManager ReloadAssembly
Native extension for WindowsStandalone target not found
Refreshing native plugins compatible for Editor in 0.38 ms, found 1 plugins.
Preloading 0 native plugins for Editor in 0.00 ms.
Invoked RoslynAnalysisRunner static constructor.
RoslynAnalysisRunner will not be running.
RoslynAnalysisRunner has terminated.
Mono: successfully reloaded assembly
- Completed reload, in  1.017 seconds
Platform modules already initialized, skipping
Refreshing native plugins compatible for Editor in 0.36 ms, found 1 plugins.
Preloading 0 native plugins for Editor in 0.00 ms.
Unloading 1788 Unused Serialized files (Serialized files now loaded: 0)
System memory in use before: 87.9 MB.
System memory in use after: 87.9 MB.

Unloading 12 unused Assets to reduce memory usage. Loaded Objects now: 2285.
Total: 2.656400 ms (FindLiveObjects: 0.302200 ms CreateObjectMapping: 0.149300 ms MarkObjects: 2.061900 ms  DeleteObjects: 0.141300 ms)

========================================================================
Received Prepare
Registering precompiled user dll's ...
Registered in 0.001246 seconds.
Begin MonoManager ReloadAssembly
Native extension for WindowsStandalone target not found
Refreshing native plugins compatible for Editor in 0.51 ms, found 1 plugins.
Preloading 0 native plugins for Editor in 0.00 ms.
Invoked RoslynAnalysisRunner static constructor.
RoslynAnalysisRunner will not be running.
RoslynAnalysisRunner has terminated.
Mono: successfully reloaded assembly
- Completed reload, in  1.045 seconds
Platform modules already initialized, skipping
Refreshing native plugins compatible for Editor in 0.37 ms, found 1 plugins.
Preloading 0 native plugins for Editor in 0.00 ms.
Unloading 1788 Unused Serialized files (Serialized files now loaded: 0)
System memory in use before: 88.0 MB.
System memory in use after: 88.0 MB.

Unloading 12 unused Assets to reduce memory usage. Loaded Objects now: 2288.
Total: 3.640900 ms (FindLiveObjects: 0.381000 ms CreateObjectMapping: 0.118500 ms MarkObjects: 2.954600 ms  DeleteObjects: 0.185600 ms)

========================================================================
Received Prepare
Registering precompiled user dll's ...
Registered in 0.001149 seconds.
Begin MonoManager ReloadAssembly
Native extension for WindowsStandalone target not found
Refreshing native plugins compatible for Editor in 0.60 ms, found 1 plugins.
Preloading 0 native plugins for Editor in 0.00 ms.
Invoked RoslynAnalysisRunner static constructor.
RoslynAnalysisRunner will not be running.
RoslynAnalysisRunner has terminated.
Mono: successfully reloaded assembly
- Completed reload, in  1.008 seconds
Platform modules already initialized, skipping
Refreshing native plugins compatible for Editor in 0.38 ms, found 1 plugins.
Preloading 0 native plugins for Editor in 0.00 ms.
Unloading 1788 Unused Serialized files (Serialized files now loaded: 0)
System memory in use before: 88.1 MB.
System memory in use after: 88.1 MB.

Unloading 12 unused Assets to reduce memory usage. Loaded Objects now: 2291.
Total: 2.752300 ms (FindLiveObjects: 0.258900 ms CreateObjectMapping: 0.187600 ms MarkObjects: 2.125100 ms  DeleteObjects: 0.178700 ms)

========================================================================
Received Prepare
Registering precompiled user dll's ...
Registered in 0.001157 seconds.
Begin MonoManager ReloadAssembly
Native extension for WindowsStandalone target not found
Refreshing native plugins compatible for Editor in 0.53 ms, found 1 plugins.
Preloading 0 native plugins for Editor in 0.00 ms.
Invoked RoslynAnalysisRunner static constructor.
RoslynAnalysisRunner will not be running.
RoslynAnalysisRunner has terminated.
Mono: successfully reloaded assembly
- Completed reload, in  1.031 seconds
Platform modules already initialized, skipping
Refreshing native plugins compatible for Editor in 0.39 ms, found 1 plugins.
Preloading 0 native plugins for Editor in 0.00 ms.
Unloading 1788 Unused Serialized files (Serialized files now loaded: 0)
System memory in use before: 88.1 MB.
System memory in use after: 88.1 MB.

Unloading 12 unused Assets to reduce memory usage. Loaded Objects now: 2294.
Total: 2.266500 ms (FindLiveObjects: 0.174900 ms CreateObjectMapping: 0.075900 ms MarkObjects: 1.857800 ms  DeleteObjects: 0.156900 ms)

========================================================================
Received Prepare
Registering precompiled user dll's ...
Registered in 0.001478 seconds.
Begin MonoManager ReloadAssembly
Native extension for WindowsStandalone target not found
Refreshing native plugins compatible for Editor in 0.40 ms, found 1 plugins.
Preloading 0 native plugins for Editor in 0.00 ms.
Invoked RoslynAnalysisRunner static constructor.
RoslynAnalysisRunner will not be running.
RoslynAnalysisRunner has terminated.
Mono: successfully reloaded assembly
- Completed reload, in  1.018 seconds
Platform modules already initialized, skipping
Refreshing native plugins compatible for Editor in 0.48 ms, found 1 plugins.
Preloading 0 native plugins for Editor in 0.00 ms.
Unloading 1788 Unused Serialized files (Serialized files now loaded: 0)
System memory in use before: 88.2 MB.
System memory in use after: 88.2 MB.

Unloading 12 unused Assets to reduce memory usage. Loaded Objects now: 2297.
Total: 2.801400 ms (FindLiveObjects: 0.351500 ms CreateObjectMapping: 0.236900 ms MarkObjects: 2.078400 ms  DeleteObjects: 0.133200 ms)

========================================================================
Received Prepare
Registering precompiled user dll's ...
Registered in 0.001520 seconds.
Begin MonoManager ReloadAssembly
Native extension for WindowsStandalone target not found
Refreshing native plugins compatible for Editor in 0.40 ms, found 1 plugins.
Preloading 0 native plugins for Editor in 0.00 ms.
Invoked RoslynAnalysisRunner static constructor.
RoslynAnalysisRunner will not be running.
RoslynAnalysisRunner has terminated.
Mono: successfully reloaded assembly
- Completed reload, in  1.057 seconds
Platform modules already initialized, skipping
Refreshing native plugins compatible for Editor in 0.36 ms, found 1 plugins.
Preloading 0 native plugins for Editor in 0.00 ms.
Unloading 1788 Unused Serialized files (Serialized files now loaded: 0)
System memory in use before: 88.3 MB.
System memory in use after: 88.3 MB.

Unloading 12 unused Assets to reduce memory usage. Loaded Objects now: 2300.
Total: 2.587700 ms (FindLiveObjects: 0.262600 ms CreateObjectMapping: 0.171900 ms MarkObjects: 2.021500 ms  DeleteObjects: 0.130000 ms)

========================================================================
Received Prepare
Registering precompiled user dll's ...
Registered in 0.001191 seconds.
Begin MonoManager ReloadAssembly
Native extension for WindowsStandalone target not found
Refreshing native plugins compatible for Editor in 0.39 ms, found 1 plugins.
Preloading 0 native plugins for Editor in 0.00 ms.
Invoked RoslynAnalysisRunner static constructor.
RoslynAnalysisRunner will not be running.
RoslynAnalysisRunner has terminated.
Mono: successfully reloaded assembly
- Completed reload, in  1.002 seconds
Platform modules already initialized, skipping
Refreshing native plugins compatible for Editor in 0.39 ms, found 1 plugins.
Preloading 0 native plugins for Editor in 0.00 ms.
Unloading 1788 Unused Serialized files (Serialized files now loaded: 0)
System memory in use before: 88.3 MB.
System memory in use after: 88.3 MB.

Unloading 12 unused Assets to reduce memory usage. Loaded Objects now: 2303.
Total: 2.752200 ms (FindLiveObjects: 0.373800 ms CreateObjectMapping: 0.190300 ms MarkObjects: 2.011300 ms  DeleteObjects: 0.175300 ms)

========================================================================
Received Prepare
Registering precompiled user dll's ...
Registered in 0.001197 seconds.
Begin MonoManager ReloadAssembly
Native extension for WindowsStandalone target not found
Refreshing native plugins compatible for Editor in 0.45 ms, found 1 plugins.
Preloading 0 native plugins for Editor in 0.00 ms.
Invoked RoslynAnalysisRunner static constructor.
RoslynAnalysisRunner will not be running.
RoslynAnalysisRunner has terminated.
Mono: successfully reloaded assembly
- Completed reload, in  0.986 seconds
Platform modules already initialized, skipping
Refreshing native plugins compatible for Editor in 0.38 ms, found 1 plugins.
Preloading 0 native plugins for Editor in 0.00 ms.
Unloading 1788 Unused Serialized files (Serialized files now loaded: 0)
System memory in use before: 88.4 MB.
System memory in use after: 88.4 MB.

Unloading 12 unused Assets to reduce memory usage. Loaded Objects now: 2306.
Total: 2.406700 ms (FindLiveObjects: 0.342300 ms CreateObjectMapping: 0.102800 ms MarkObjects: 1.818600 ms  DeleteObjects: 0.141500 ms)

========================================================================
Received Prepare
Registering precompiled user dll's ...
Registered in 0.001187 seconds.
Begin MonoManager ReloadAssembly
Native extension for WindowsStandalone target not found
Refreshing native plugins compatible for Editor in 0.38 ms, found 1 plugins.
Preloading 0 native plugins for Editor in 0.00 ms.
Invoked RoslynAnalysisRunner static constructor.
RoslynAnalysisRunner will not be running.
RoslynAnalysisRunner has terminated.
Mono: successfully reloaded assembly
- Completed reload, in  1.038 seconds
Platform modules already initialized, skipping
Refreshing native plugins compatible for Editor in 0.37 ms, found 1 plugins.
Preloading 0 native plugins for Editor in 0.00 ms.
Unloading 1788 Unused Serialized files (Serialized files now loaded: 0)
System memory in use before: 88.5 MB.
System memory in use after: 88.5 MB.

Unloading 12 unused Assets to reduce memory usage. Loaded Objects now: 2309.
Total: 4.449300 ms (FindLiveObjects: 0.462800 ms CreateObjectMapping: 0.144500 ms MarkObjects: 3.586900 ms  DeleteObjects: 0.253000 ms)

========================================================================
Received Prepare
Registering precompiled user dll's ...
Registered in 0.001193 seconds.
Begin MonoManager ReloadAssembly
Native extension for WindowsStandalone target not found
Refreshing native plugins compatible for Editor in 0.39 ms, found 1 plugins.
Preloading 0 native plugins for Editor in 0.00 ms.
Invoked RoslynAnalysisRunner static constructor.
RoslynAnalysisRunner will not be running.
RoslynAnalysisRunner has terminated.
Mono: successfully reloaded assembly
- Completed reload, in  1.007 seconds
Platform modules already initialized, skipping
Refreshing native plugins compatible for Editor in 0.36 ms, found 1 plugins.
Preloading 0 native plugins for Editor in 0.00 ms.
Unloading 1788 Unused Serialized files (Serialized files now loaded: 0)
System memory in use before: 88.5 MB.
System memory in use after: 88.5 MB.

Unloading 12 unused Assets to reduce memory usage. Loaded Objects now: 2312.
Total: 2.364900 ms (FindLiveObjects: 0.353000 ms CreateObjectMapping: 0.105800 ms MarkObjects: 1.729600 ms  DeleteObjects: 0.174700 ms)

========================================================================
Received Prepare
Registering precompiled user dll's ...
Registered in 0.001357 seconds.
Begin MonoManager ReloadAssembly
Native extension for WindowsStandalone target not found
Refreshing native plugins compatible for Editor in 0.46 ms, found 1 plugins.
Preloading 0 native plugins for Editor in 0.00 ms.
Invoked RoslynAnalysisRunner static constructor.
RoslynAnalysisRunner will not be running.
RoslynAnalysisRunner has terminated.
Mono: successfully reloaded assembly
- Completed reload, in  1.007 seconds
Platform modules already initialized, skipping
Refreshing native plugins compatible for Editor in 0.39 ms, found 1 plugins.
Preloading 0 native plugins for Editor in 0.00 ms.
Unloading 1788 Unused Serialized files (Serialized files now loaded: 0)
System memory in use before: 88.6 MB.
System memory in use after: 88.6 MB.

Unloading 12 unused Assets to reduce memory usage. Loaded Objects now: 2315.
Total: 2.890900 ms (FindLiveObjects: 0.476500 ms CreateObjectMapping: 0.192900 ms MarkObjects: 2.018300 ms  DeleteObjects: 0.202100 ms)

========================================================================
Received Prepare
Registering precompiled user dll's ...
Registered in 0.001400 seconds.
Begin MonoManager ReloadAssembly
Native extension for WindowsStandalone target not found
Refreshing native plugins compatible for Editor in 0.37 ms, found 1 plugins.
Preloading 0 native plugins for Editor in 0.00 ms.
Invoked RoslynAnalysisRunner static constructor.
RoslynAnalysisRunner will not be running.
RoslynAnalysisRunner has terminated.
Mono: successfully reloaded assembly
- Completed reload, in  1.029 seconds
Platform modules already initialized, skipping
Refreshing native plugins compatible for Editor in 0.46 ms, found 1 plugins.
Preloading 0 native plugins for Editor in 0.00 ms.
Unloading 1788 Unused Serialized files (Serialized files now loaded: 0)
System memory in use before: 88.7 MB.
System memory in use after: 88.7 MB.

Unloading 12 unused Assets to reduce memory usage. Loaded Objects now: 2318.
Total: 2.981300 ms (FindLiveObjects: 0.383100 ms CreateObjectMapping: 0.203800 ms MarkObjects: 2.240500 ms  DeleteObjects: 0.152100 ms)

========================================================================
Received Prepare
Registering precompiled user dll's ...
Registered in 0.001210 seconds.
Begin MonoManager ReloadAssembly
Native extension for WindowsStandalone target not found
Refreshing native plugins compatible for Editor in 0.64 ms, found 1 plugins.
Preloading 0 native plugins for Editor in 0.00 ms.
Invoked RoslynAnalysisRunner static constructor.
RoslynAnalysisRunner will not be running.
RoslynAnalysisRunner has terminated.
Mono: successfully reloaded assembly
- Completed reload, in  1.040 seconds
Platform modules already initialized, skipping
Refreshing native plugins compatible for Editor in 0.36 ms, found 1 plugins.
Preloading 0 native plugins for Editor in 0.00 ms.
Unloading 1788 Unused Serialized files (Serialized files now loaded: 0)
System memory in use before: 88.7 MB.
System memory in use after: 88.7 MB.

Unloading 12 unused Assets to reduce memory usage. Loaded Objects now: 2321.
Total: 3.426000 ms (FindLiveObjects: 0.312900 ms CreateObjectMapping: 0.079800 ms MarkObjects: 2.900600 ms  DeleteObjects: 0.130800 ms)

========================================================================
Received Prepare
Registering precompiled user dll's ...
Registered in 0.001183 seconds.
Begin MonoManager ReloadAssembly
Native extension for WindowsStandalone target not found
Refreshing native plugins compatible for Editor in 0.39 ms, found 1 plugins.
Preloading 0 native plugins for Editor in 0.00 ms.
Invoked RoslynAnalysisRunner static constructor.
RoslynAnalysisRunner will not be running.
RoslynAnalysisRunner has terminated.
Mono: successfully reloaded assembly
- Completed reload, in  1.068 seconds
Platform modules already initialized, skipping
Refreshing native plugins compatible for Editor in 0.36 ms, found 1 plugins.
Preloading 0 native plugins for Editor in 0.00 ms.
Unloading 1788 Unused Serialized files (Serialized files now loaded: 0)
System memory in use before: 88.8 MB.
System memory in use after: 88.8 MB.

Unloading 12 unused Assets to reduce memory usage. Loaded Objects now: 2324.
Total: 2.451600 ms (FindLiveObjects: 0.305400 ms CreateObjectMapping: 0.125600 ms MarkObjects: 1.866800 ms  DeleteObjects: 0.152000 ms)

========================================================================
Received Prepare
Registering precompiled user dll's ...
Registered in 0.001241 seconds.
Begin MonoManager ReloadAssembly
Native extension for WindowsStandalone target not found
Refreshing native plugins compatible for Editor in 0.40 ms, found 1 plugins.
Preloading 0 native plugins for Editor in 0.00 ms.
Invoked RoslynAnalysisRunner static constructor.
RoslynAnalysisRunner will not be running.
RoslynAnalysisRunner has terminated.
Mono: successfully reloaded assembly
- Completed reload, in  0.992 seconds
Platform modules already initialized, skipping
Refreshing native plugins compatible for Editor in 0.38 ms, found 1 plugins.
Preloading 0 native plugins for Editor in 0.00 ms.
Unloading 1788 Unused Serialized files (Serialized files now loaded: 0)
System memory in use before: 88.9 MB.
System memory in use after: 88.9 MB.

Unloading 12 unused Assets to reduce memory usage. Loaded Objects now: 2327.
Total: 2.905200 ms (FindLiveObjects: 0.211600 ms CreateObjectMapping: 0.079200 ms MarkObjects: 2.471800 ms  DeleteObjects: 0.141200 ms)

========================================================================
Received Prepare
Registering precompiled user dll's ...
Registered in 0.001135 seconds.
Begin MonoManager ReloadAssembly
Native extension for WindowsStandalone target not found
Refreshing native plugins compatible for Editor in 0.38 ms, found 1 plugins.
Preloading 0 native plugins for Editor in 0.00 ms.
Invoked RoslynAnalysisRunner static constructor.
RoslynAnalysisRunner will not be running.
RoslynAnalysisRunner has terminated.
Mono: successfully reloaded assembly
- Completed reload, in  0.972 seconds
Platform modules already initialized, skipping
Refreshing native plugins compatible for Editor in 0.37 ms, found 1 plugins.
Preloading 0 native plugins for Editor in 0.00 ms.
Unloading 1788 Unused Serialized files (Serialized files now loaded: 0)
System memory in use before: 88.9 MB.
System memory in use after: 88.9 MB.

Unloading 12 unused Assets to reduce memory usage. Loaded Objects now: 2330.
Total: 2.377600 ms (FindLiveObjects: 0.284100 ms CreateObjectMapping: 0.131100 ms MarkObjects: 1.805400 ms  DeleteObjects: 0.155500 ms)

========================================================================
Received Prepare
Registering precompiled user dll's ...
Registered in 0.001124 seconds.
Begin MonoManager ReloadAssembly
Native extension for WindowsStandalone target not found
Refreshing native plugins compatible for Editor in 0.46 ms, found 1 plugins.
Preloading 0 native plugins for Editor in 0.00 ms.
Invoked RoslynAnalysisRunner static constructor.
RoslynAnalysisRunner will not be running.
RoslynAnalysisRunner has terminated.
Mono: successfully reloaded assembly
- Completed reload, in  1.020 seconds
Platform modules already initialized, skipping
Refreshing native plugins compatible for Editor in 0.36 ms, found 1 plugins.
Preloading 0 native plugins for Editor in 0.00 ms.
Unloading 1788 Unused Serialized files (Serialized files now loaded: 0)
System memory in use before: 89.0 MB.
System memory in use after: 89.0 MB.

Unloading 12 unused Assets to reduce memory usage. Loaded Objects now: 2333.
Total: 3.322000 ms (FindLiveObjects: 0.235000 ms CreateObjectMapping: 0.101800 ms MarkObjects: 2.852000 ms  DeleteObjects: 0.131100 ms)

========================================================================
Received Prepare
Registering precompiled user dll's ...
Registered in 0.001567 seconds.
Begin MonoManager ReloadAssembly
Native extension for WindowsStandalone target not found
Refreshing native plugins compatible for Editor in 0.36 ms, found 1 plugins.
Preloading 0 native plugins for Editor in 0.00 ms.
Invoked RoslynAnalysisRunner static constructor.
RoslynAnalysisRunner will not be running.
RoslynAnalysisRunner has terminated.
Mono: successfully reloaded assembly
- Completed reload, in  1.046 seconds
Platform modules already initialized, skipping
Refreshing native plugins compatible for Editor in 0.44 ms, found 1 plugins.
Preloading 0 native plugins for Editor in 0.00 ms.
Unloading 1788 Unused Serialized files (Serialized files now loaded: 0)
System memory in use before: 89.1 MB.
System memory in use after: 89.1 MB.

Unloading 12 unused Assets to reduce memory usage. Loaded Objects now: 2336.
Total: 2.298000 ms (FindLiveObjects: 0.186800 ms CreateObjectMapping: 0.081700 ms MarkObjects: 1.869800 ms  DeleteObjects: 0.158700 ms)

========================================================================
Received Prepare
Registering precompiled user dll's ...
Registered in 0.001167 seconds.
Begin MonoManager ReloadAssembly
Native extension for WindowsStandalone target not found
Refreshing native plugins compatible for Editor in 0.39 ms, found 1 plugins.
Preloading 0 native plugins for Editor in 0.00 ms.
Invoked RoslynAnalysisRunner static constructor.
RoslynAnalysisRunner will not be running.
RoslynAnalysisRunner has terminated.
Mono: successfully reloaded assembly
- Completed reload, in  1.014 seconds
Platform modules already initialized, skipping
Refreshing native plugins compatible for Editor in 0.37 ms, found 1 plugins.
Preloading 0 native plugins for Editor in 0.00 ms.
Unloading 1788 Unused Serialized files (Serialized files now loaded: 0)
System memory in use before: 89.1 MB.
System memory in use after: 89.1 MB.

Unloading 12 unused Assets to reduce memory usage. Loaded Objects now: 2339.
Total: 2.840800 ms (FindLiveObjects: 0.255500 ms CreateObjectMapping: 0.122000 ms MarkObjects: 2.304700 ms  DeleteObjects: 0.157200 ms)

========================================================================
Received Prepare
Registering precompiled user dll's ...
Registered in 0.001165 seconds.
Begin MonoManager ReloadAssembly
Native extension for WindowsStandalone target not found
Refreshing native plugins compatible for Editor in 0.38 ms, found 1 plugins.
Preloading 0 native plugins for Editor in 0.00 ms.
Invoked RoslynAnalysisRunner static constructor.
RoslynAnalysisRunner will not be running.
RoslynAnalysisRunner has terminated.
Mono: successfully reloaded assembly
- Completed reload, in  1.005 seconds
Platform modules already initialized, skipping
Refreshing native plugins compatible for Editor in 0.35 ms, found 1 plugins.
Preloading 0 native plugins for Editor in 0.00 ms.
Unloading 1788 Unused Serialized files (Serialized files now loaded: 0)
System memory in use before: 89.2 MB.
System memory in use after: 89.2 MB.

Unloading 12 unused Assets to reduce memory usage. Loaded Objects now: 2342.
Total: 2.999800 ms (FindLiveObjects: 0.427300 ms CreateObjectMapping: 0.219600 ms MarkObjects: 2.174200 ms  DeleteObjects: 0.177200 ms)

========================================================================
Received Prepare
Registering precompiled user dll's ...
Registered in 0.001198 seconds.
Begin MonoManager ReloadAssembly
Native extension for WindowsStandalone target not found
Refreshing native plugins compatible for Editor in 0.38 ms, found 1 plugins.
Preloading 0 native plugins for Editor in 0.00 ms.
Invoked RoslynAnalysisRunner static constructor.
RoslynAnalysisRunner will not be running.
RoslynAnalysisRunner has terminated.
Mono: successfully reloaded assembly
- Completed reload, in  1.045 seconds
Platform modules already initialized, skipping
Refreshing native plugins compatible for Editor in 0.49 ms, found 1 plugins.
Preloading 0 native plugins for Editor in 0.00 ms.
Unloading 1788 Unused Serialized files (Serialized files now loaded: 0)
System memory in use before: 89.3 MB.
System memory in use after: 89.3 MB.

Unloading 12 unused Assets to reduce memory usage. Loaded Objects now: 2345.
Total: 4.205500 ms (FindLiveObjects: 0.643200 ms CreateObjectMapping: 0.127200 ms MarkObjects: 3.307400 ms  DeleteObjects: 0.126300 ms)

========================================================================
Received Prepare
Registering precompiled user dll's ...
Registered in 0.001214 seconds.
Begin MonoManager ReloadAssembly
Native extension for WindowsStandalone target not found
Refreshing native plugins compatible for Editor in 0.36 ms, found 1 plugins.
Preloading 0 native plugins for Editor in 0.00 ms.
Invoked RoslynAnalysisRunner static constructor.
RoslynAnalysisRunner will not be running.
RoslynAnalysisRunner has terminated.
Mono: successfully reloaded assembly
- Completed reload, in  1.065 seconds
Platform modules already initialized, skipping
Refreshing native plugins compatible for Editor in 0.46 ms, found 1 plugins.
Preloading 0 native plugins for Editor in 0.00 ms.
Unloading 1788 Unused Serialized files (Serialized files now loaded: 0)
System memory in use before: 89.3 MB.
System memory in use after: 89.3 MB.

Unloading 12 unused Assets to reduce memory usage. Loaded Objects now: 2348.
Total: 3.447100 ms (FindLiveObjects: 0.323700 ms CreateObjectMapping: 0.215800 ms MarkObjects: 2.716700 ms  DeleteObjects: 0.189400 ms)

========================================================================
Received Prepare
Registering precompiled user dll's ...
Registered in 0.001186 seconds.
Begin MonoManager ReloadAssembly
Native extension for WindowsStandalone target not found
Refreshing native plugins compatible for Editor in 0.36 ms, found 1 plugins.
Preloading 0 native plugins for Editor in 0.00 ms.
Invoked RoslynAnalysisRunner static constructor.
RoslynAnalysisRunner will not be running.
RoslynAnalysisRunner has terminated.
Mono: successfully reloaded assembly
- Completed reload, in  1.069 seconds
Platform modules already initialized, skipping
Refreshing native plugins compatible for Editor in 0.47 ms, found 1 plugins.
Preloading 0 native plugins for Editor in 0.00 ms.
Unloading 1788 Unused Serialized files (Serialized files now loaded: 0)
System memory in use before: 89.4 MB.
System memory in use after: 89.4 MB.

Unloading 12 unused Assets to reduce memory usage. Loaded Objects now: 2351.
Total: 2.802400 ms (FindLiveObjects: 0.250700 ms CreateObjectMapping: 0.088700 ms MarkObjects: 2.284700 ms  DeleteObjects: 0.176700 ms)

========================================================================
Received Prepare
Registering precompiled user dll's ...
Registered in 0.001191 seconds.
Begin MonoManager ReloadAssembly
Native extension for WindowsStandalone target not found
Refreshing native plugins compatible for Editor in 0.51 ms, found 1 plugins.
Preloading 0 native plugins for Editor in 0.00 ms.
Invoked RoslynAnalysisRunner static constructor.
RoslynAnalysisRunner will not be running.
RoslynAnalysisRunner has terminated.
Mono: successfully reloaded assembly
- Completed reload, in  0.995 seconds
Platform modules already initialized, skipping
Refreshing native plugins compatible for Editor in 0.47 ms, found 1 plugins.
Preloading 0 native plugins for Editor in 0.00 ms.
Unloading 1788 Unused Serialized files (Serialized files now loaded: 0)
System memory in use before: 89.5 MB.
System memory in use after: 89.5 MB.

Unloading 12 unused Assets to reduce memory usage. Loaded Objects now: 2354.
Total: 2.617000 ms (FindLiveObjects: 0.195100 ms CreateObjectMapping: 0.122100 ms MarkObjects: 2.160500 ms  DeleteObjects: 0.138000 ms)

========================================================================
Received Prepare
Registering precompiled user dll's ...
Registered in 0.001241 seconds.
Begin MonoManager ReloadAssembly
Native extension for WindowsStandalone target not found
Refreshing native plugins compatible for Editor in 0.37 ms, found 1 plugins.
Preloading 0 native plugins for Editor in 0.00 ms.
Invoked RoslynAnalysisRunner static constructor.
RoslynAnalysisRunner will not be running.
RoslynAnalysisRunner has terminated.
Mono: successfully reloaded assembly
- Completed reload, in  1.000 seconds
Platform modules already initialized, skipping
Refreshing native plugins compatible for Editor in 0.50 ms, found 1 plugins.
Preloading 0 native plugins for Editor in 0.00 ms.
Unloading 1788 Unused Serialized files (Serialized files now loaded: 0)
System memory in use before: 89.5 MB.
System memory in use after: 89.5 MB.

Unloading 12 unused Assets to reduce memory usage. Loaded Objects now: 2357.
Total: 2.421900 ms (FindLiveObjects: 0.245400 ms CreateObjectMapping: 0.077600 ms MarkObjects: 1.963500 ms  DeleteObjects: 0.133000 ms)

========================================================================
Received Prepare
Registering precompiled user dll's ...
Registered in 0.001381 seconds.
Begin MonoManager ReloadAssembly
Native extension for WindowsStandalone target not found
Refreshing native plugins compatible for Editor in 0.39 ms, found 1 plugins.
Preloading 0 native plugins for Editor in 0.00 ms.
Invoked RoslynAnalysisRunner static constructor.
RoslynAnalysisRunner will not be running.
RoslynAnalysisRunner has terminated.
Mono: successfully reloaded assembly
- Completed reload, in  1.001 seconds
Platform modules already initialized, skipping
Refreshing native plugins compatible for Editor in 0.39 ms, found 1 plugins.
Preloading 0 native plugins for Editor in 0.00 ms.
Unloading 1788 Unused Serialized files (Serialized files now loaded: 0)
System memory in use before: 89.6 MB.
System memory in use after: 89.6 MB.

Unloading 12 unused Assets to reduce memory usage. Loaded Objects now: 2360.
Total: 2.646800 ms (FindLiveObjects: 0.312000 ms CreateObjectMapping: 0.133500 ms MarkObjects: 2.043000 ms  DeleteObjects: 0.157100 ms)

========================================================================
Received Prepare
Registering precompiled user dll's ...
Registered in 0.001283 seconds.
Begin MonoManager ReloadAssembly
Native extension for WindowsStandalone target not found
Refreshing native plugins compatible for Editor in 0.42 ms, found 1 plugins.
Preloading 0 native plugins for Editor in 0.00 ms.
Invoked RoslynAnalysisRunner static constructor.
RoslynAnalysisRunner will not be running.
RoslynAnalysisRunner has terminated.
Mono: successfully reloaded assembly
- Completed reload, in  0.976 seconds
Platform modules already initialized, skipping
Refreshing native plugins compatible for Editor in 0.40 ms, found 1 plugins.
Preloading 0 native plugins for Editor in 0.00 ms.
Unloading 1788 Unused Serialized files (Serialized files now loaded: 0)
System memory in use before: 88.7 MB.
System memory in use after: 88.7 MB.

Unloading 12 unused Assets to reduce memory usage. Loaded Objects now: 2363.
Total: 2.533000 ms (FindLiveObjects: 0.264500 ms CreateObjectMapping: 0.218300 ms MarkObjects: 1.889800 ms  DeleteObjects: 0.159200 ms)

========================================================================
Received Prepare
Registering precompiled user dll's ...
Registered in 0.001487 seconds.
Begin MonoManager ReloadAssembly
Native extension for WindowsStandalone target not found
Refreshing native plugins compatible for Editor in 0.42 ms, found 1 plugins.
Preloading 0 native plugins for Editor in 0.00 ms.
Invoked RoslynAnalysisRunner static constructor.
RoslynAnalysisRunner will not be running.
RoslynAnalysisRunner has terminated.
Mono: successfully reloaded assembly
- Completed reload, in  1.127 seconds
Platform modules already initialized, skipping
Refreshing native plugins compatible for Editor in 0.36 ms, found 1 plugins.
Preloading 0 native plugins for Editor in 0.00 ms.
Unloading 1788 Unused Serialized files (Serialized files now loaded: 0)
System memory in use before: 88.7 MB.
System memory in use after: 88.7 MB.

Unloading 12 unused Assets to reduce memory usage. Loaded Objects now: 2366.
Total: 2.818500 ms (FindLiveObjects: 0.200500 ms CreateObjectMapping: 0.085000 ms MarkObjects: 2.412600 ms  DeleteObjects: 0.118700 ms)

========================================================================
Received Import Request.
  Time since last request: 3119.495439 seconds.
  path: ProjectSettings/TagManager.asset
  artifactKey: Guid(00000000000000003000000000000000) Importer(815301076,1909f56bfc062723c751e8b465ee728b)
Start importing ProjectSettings/TagManager.asset using Guid(00000000000000003000000000000000) Importer(815301076,1909f56bfc062723c751e8b465ee728b)  -> (artifact id: 'e8c3ab6b558fa7fe7c42e9a55a892947') in 0.033543 seconds
  Import took 0.038439 seconds .

========================================================================
Received Prepare
Registering precompiled user dll's ...
Registered in 0.001695 seconds.
Begin MonoManager ReloadAssembly
Native extension for WindowsStandalone target not found
Refreshing native plugins compatible for Editor in 0.39 ms, found 1 plugins.
Preloading 0 native plugins for Editor in 0.00 ms.
Invoked RoslynAnalysisRunner static constructor.
RoslynAnalysisRunner will not be running.
RoslynAnalysisRunner has terminated.
Mono: successfully reloaded assembly
- Completed reload, in  1.162 seconds
Platform modules already initialized, skipping
Refreshing native plugins compatible for Editor in 0.37 ms, found 1 plugins.
Preloading 0 native plugins for Editor in 0.00 ms.
Unloading 1788 Unused Serialized files (Serialized files now loaded: 0)
System memory in use before: 88.8 MB.
System memory in use after: 88.8 MB.

Unloading 13 unused Assets to reduce memory usage. Loaded Objects now: 2369.
Total: 3.048400 ms (FindLiveObjects: 0.487300 ms CreateObjectMapping: 0.069300 ms MarkObjects: 2.313400 ms  DeleteObjects: 0.177300 ms)

========================================================================
Received Prepare
Registering precompiled user dll's ...
Registered in 0.001222 seconds.
Begin MonoManager ReloadAssembly
Native extension for WindowsStandalone target not found
Refreshing native plugins compatible for Editor in 0.45 ms, found 1 plugins.
Preloading 0 native plugins for Editor in 0.00 ms.
Invoked RoslynAnalysisRunner static constructor.
RoslynAnalysisRunner will not be running.
RoslynAnalysisRunner has terminated.
Mono: successfully reloaded assembly
- Completed reload, in  1.116 seconds
Platform modules already initialized, skipping
Refreshing native plugins compatible for Editor in 0.39 ms, found 1 plugins.
Preloading 0 native plugins for Editor in 0.00 ms.
Unloading 1788 Unused Serialized files (Serialized files now loaded: 0)
System memory in use before: 88.9 MB.
System memory in use after: 88.9 MB.

Unloading 12 unused Assets to reduce memory usage. Loaded Objects now: 2372.
Total: 2.850800 ms (FindLiveObjects: 0.356300 ms CreateObjectMapping: 0.156800 ms MarkObjects: 2.149000 ms  DeleteObjects: 0.186800 ms)

========================================================================
Received Prepare
Registering precompiled user dll's ...
Registered in 0.004129 seconds.
Begin MonoManager ReloadAssembly
Native extension for WindowsStandalone target not found
Refreshing native plugins compatible for Editor in 0.47 ms, found 1 plugins.
Preloading 0 native plugins for Editor in 0.00 ms.
Invoked RoslynAnalysisRunner static constructor.
RoslynAnalysisRunner will not be running.
RoslynAnalysisRunner has terminated.
Mono: successfully reloaded assembly
- Completed reload, in  0.994 seconds
Platform modules already initialized, skipping
Refreshing native plugins compatible for Editor in 0.35 ms, found 1 plugins.
Preloading 0 native plugins for Editor in 0.00 ms.
Unloading 1788 Unused Serialized files (Serialized files now loaded: 0)
System memory in use before: 88.9 MB.
System memory in use after: 88.9 MB.

Unloading 12 unused Assets to reduce memory usage. Loaded Objects now: 2375.
Total: 2.422400 ms (FindLiveObjects: 0.292400 ms CreateObjectMapping: 0.084800 ms MarkObjects: 1.912000 ms  DeleteObjects: 0.132100 ms)

========================================================================
Received Prepare
Registering precompiled user dll's ...
Registered in 0.001283 seconds.
Begin MonoManager ReloadAssembly
Native extension for WindowsStandalone target not found
Refreshing native plugins compatible for Editor in 0.39 ms, found 1 plugins.
Preloading 0 native plugins for Editor in 0.00 ms.
Invoked RoslynAnalysisRunner static constructor.
RoslynAnalysisRunner will not be running.
RoslynAnalysisRunner has terminated.
Mono: successfully reloaded assembly
- Completed reload, in  1.001 seconds
Platform modules already initialized, skipping
Refreshing native plugins compatible for Editor in 0.37 ms, found 1 plugins.
Preloading 0 native plugins for Editor in 0.00 ms.
Unloading 1788 Unused Serialized files (Serialized files now loaded: 0)
System memory in use before: 89.0 MB.
System memory in use after: 89.0 MB.

Unloading 12 unused Assets to reduce memory usage. Loaded Objects now: 2378.
Total: 2.382200 ms (FindLiveObjects: 0.209900 ms CreateObjectMapping: 0.104000 ms MarkObjects: 1.952700 ms  DeleteObjects: 0.114700 ms)

========================================================================
Received Prepare
Registering precompiled user dll's ...
Registered in 0.001266 seconds.
Begin MonoManager ReloadAssembly
Native extension for WindowsStandalone target not found
Refreshing native plugins compatible for Editor in 0.51 ms, found 1 plugins.
Preloading 0 native plugins for Editor in 0.00 ms.
Invoked RoslynAnalysisRunner static constructor.
RoslynAnalysisRunner will not be running.
RoslynAnalysisRunner has terminated.
Mono: successfully reloaded assembly
- Completed reload, in  1.050 seconds
Platform modules already initialized, skipping
Refreshing native plugins compatible for Editor in 0.37 ms, found 1 plugins.
Preloading 0 native plugins for Editor in 0.00 ms.
Unloading 1788 Unused Serialized files (Serialized files now loaded: 0)
System memory in use before: 89.1 MB.
System memory in use after: 89.1 MB.

Unloading 12 unused Assets to reduce memory usage. Loaded Objects now: 2381.
Total: 2.824800 ms (FindLiveObjects: 0.242600 ms CreateObjectMapping: 0.125000 ms MarkObjects: 2.310200 ms  DeleteObjects: 0.145000 ms)

AssetImportWorkerClient::OnTransportError - code=2 error=End of file
