Using pre-set license
Built from '2020.2/release' branch; Version is '2020.2.2f1 (068178b99f32) revision 426360'; Using compiler version '192528614'; Build Type 'Release'
OS: 'Windows 10 Home Single Language; OS build 19041.1083; Version 2004; 64bit' Language: 'es' Physical Memory: 32630 MB
BatchMode: 1, IsHumanControllingUs: 0, StartBugReporterOnCrash: 0, Is64bit: 1, IsPro: 0

 COMMAND LINE ARGUMENTS:
D:\Unity\2020.2.2f1\Editor\Unity.exe
-adb2
-batchMode
-noUpm
-name
AssetImportWorker0
-projectPath
D:/Projects/Zeroth-Gear/Zeroth Gear
-logFile
Logs/AssetImportWorker0.log
-srvPort
60359
Successfully changed project path to: D:/Projects/Zeroth-Gear/Zeroth Gear
D:/Projects/Zeroth-Gear/Zeroth Gear
Using Asset Import Pipeline V2.
Refreshing native plugins compatible for Editor in 57.81 ms, found 1 plugins.
Preloading 0 native plugins for Editor in 0.00 ms.
Initialize engine version: 2020.2.2f1 (068178b99f32)
[Subsystems] Discovering subsystems at path D:/Unity/2020.2.2f1/Editor/Data/Resources/UnitySubsystems
[Subsystems] Discovering subsystems at path D:/Projects/Zeroth-Gear/Zeroth Gear/Assets
GfxDevice: creating device client; threaded=0
Direct3D:
    Version:  Direct3D 11.0 [level 11.1]
    Renderer: NVIDIA GeForce GTX 1050 (ID=0x1c8d)
    Vendor:   
    VRAM:     4021 MB
    Driver:   27.21.14.6677
Initialize mono
Mono path[0] = 'D:/Unity/2020.2.2f1/Editor/Data/Managed'
Mono path[1] = 'D:/Unity/2020.2.2f1/Editor/Data/MonoBleedingEdge/lib/mono/unityjit'
Mono config path = 'D:/Unity/2020.2.2f1/Editor/Data/MonoBleedingEdge/etc'
Using monoOptions --debugger-agent=transport=dt_socket,embedding=1,server=y,suspend=n,address=127.0.0.1:56044
Begin MonoManager ReloadAssembly
Registering precompiled unity dll's ...
Register platform support module: D:/Unity/2020.2.2f1/Editor/Data/PlaybackEngines/WindowsStandaloneSupport/UnityEditor.WindowsStandalone.Extensions.dll
Registered in 0.001308 seconds.
Native extension for WindowsStandalone target not found
Refreshing native plugins compatible for Editor in 73.32 ms, found 1 plugins.
Preloading 0 native plugins for Editor in 0.00 ms.
Invoked RoslynAnalysisRunner static constructor.
RoslynAnalysisRunner will not be running.
RoslynAnalysisRunner has terminated.
Mono: successfully reloaded assembly
- Completed reload, in  1.292 seconds
Platform modules already initialized, skipping
Registering precompiled user dll's ...
Registered in 0.000919 seconds.
Begin MonoManager ReloadAssembly
Native extension for WindowsStandalone target not found
Refreshing native plugins compatible for Editor in 76.83 ms, found 1 plugins.
Preloading 0 native plugins for Editor in 0.00 ms.
Invoked RoslynAnalysisRunner static constructor.
RoslynAnalysisRunner will not be running.
RoslynAnalysisRunner has terminated.
Mono: successfully reloaded assembly
- Completed reload, in  1.353 seconds
Platform modules already initialized, skipping
========================================================================
Worker process is ready to serve import requests
Launched and connected shader compiler UnityShaderCompiler.exe after 0.08 seconds
Refreshing native plugins compatible for Editor in 0.48 ms, found 1 plugins.
Preloading 0 native plugins for Editor in 0.00 ms.
Unloading 1793 Unused Serialized files (Serialized files now loaded: 0)
System memory in use before: 84.3 MB.
System memory in use after: 84.3 MB.

Unloading 24 unused Assets to reduce memory usage. Loaded Objects now: 2234.
Total: 2.555700 ms (FindLiveObjects: 0.191800 ms CreateObjectMapping: 0.274500 ms MarkObjects: 1.955500 ms  DeleteObjects: 0.132900 ms)

========================================================================
Received Import Request.
  path: Assets/Art/gfx/gfx/Overworld.png
  artifactKey: Guid(603a0bfde51ba1e48b6960e9ee7053aa) Importer(815301076,1909f56bfc062723c751e8b465ee728b)
Start importing Assets/Art/gfx/gfx/Overworld.png using Guid(603a0bfde51ba1e48b6960e9ee7053aa) Importer(815301076,1909f56bfc062723c751e8b465ee728b)  -> (artifact id: '5823a41c1baddd763a1e445bb4b7ab27') in 1.940466 seconds
  Import took 1.954373 seconds .

========================================================================
Received Prepare
Registering precompiled user dll's ...
Registered in 0.000915 seconds.
Begin MonoManager ReloadAssembly
Native extension for WindowsStandalone target not found
Refreshing native plugins compatible for Editor in 0.65 ms, found 1 plugins.
Preloading 0 native plugins for Editor in 0.00 ms.
Invoked RoslynAnalysisRunner static constructor.
RoslynAnalysisRunner will not be running.
RoslynAnalysisRunner has terminated.
Mono: successfully reloaded assembly
- Completed reload, in  1.524 seconds
Platform modules already initialized, skipping
Refreshing native plugins compatible for Editor in 0.55 ms, found 1 plugins.
Preloading 0 native plugins for Editor in 0.00 ms.
Unloading 1788 Unused Serialized files (Serialized files now loaded: 0)
System memory in use before: 88.0 MB.
System memory in use after: 88.0 MB.

Unloading 12 unused Assets to reduce memory usage. Loaded Objects now: 2244.
Total: 5.751300 ms (FindLiveObjects: 0.734300 ms CreateObjectMapping: 0.163200 ms MarkObjects: 4.721300 ms  DeleteObjects: 0.130700 ms)

========================================================================
Received Prepare
Registering precompiled user dll's ...
Registered in 0.001193 seconds.
Begin MonoManager ReloadAssembly
Native extension for WindowsStandalone target not found
Refreshing native plugins compatible for Editor in 0.46 ms, found 1 plugins.
Preloading 0 native plugins for Editor in 0.00 ms.
Invoked RoslynAnalysisRunner static constructor.
RoslynAnalysisRunner will not be running.
RoslynAnalysisRunner has terminated.
Mono: successfully reloaded assembly
- Completed reload, in  1.143 seconds
Platform modules already initialized, skipping
Refreshing native plugins compatible for Editor in 0.48 ms, found 1 plugins.
Preloading 0 native plugins for Editor in 0.00 ms.
Unloading 1788 Unused Serialized files (Serialized files now loaded: 0)
System memory in use before: 88.1 MB.
System memory in use after: 88.1 MB.

Unloading 12 unused Assets to reduce memory usage. Loaded Objects now: 2247.
Total: 4.736000 ms (FindLiveObjects: 0.388000 ms CreateObjectMapping: 0.112500 ms MarkObjects: 4.072100 ms  DeleteObjects: 0.161500 ms)

========================================================================
Received Import Request.
  Time since last request: 1059.602828 seconds.
  path: Assets/Scripts/CameraMovement.cs
  artifactKey: Guid(1c468626690fa7a49a913f0e5f5d79a0) Importer(815301076,1909f56bfc062723c751e8b465ee728b)
Start importing Assets/Scripts/CameraMovement.cs using Guid(1c468626690fa7a49a913f0e5f5d79a0) Importer(815301076,1909f56bfc062723c751e8b465ee728b)  -> (artifact id: 'fbb870d9ad4ad8ff01e74ecd4c9cf15e') in 0.048008 seconds
  Import took 0.064539 seconds .

========================================================================
Received Prepare
Registering precompiled user dll's ...
Registered in 0.001500 seconds.
Begin MonoManager ReloadAssembly
Native extension for WindowsStandalone target not found
Refreshing native plugins compatible for Editor in 0.51 ms, found 1 plugins.
Preloading 0 native plugins for Editor in 0.00 ms.
Invoked RoslynAnalysisRunner static constructor.
RoslynAnalysisRunner will not be running.
RoslynAnalysisRunner has terminated.
Mono: successfully reloaded assembly
- Completed reload, in  1.900 seconds
Platform modules already initialized, skipping
Refreshing native plugins compatible for Editor in 0.55 ms, found 1 plugins.
Preloading 0 native plugins for Editor in 0.00 ms.
Unloading 1789 Unused Serialized files (Serialized files now loaded: 0)
System memory in use before: 88.2 MB.
System memory in use after: 88.2 MB.

Unloading 12 unused Assets to reduce memory usage. Loaded Objects now: 2251.
Total: 4.528100 ms (FindLiveObjects: 0.317300 ms CreateObjectMapping: 0.194900 ms MarkObjects: 3.757900 ms  DeleteObjects: 0.256100 ms)

========================================================================
Received Prepare
Registering precompiled user dll's ...
Registered in 0.001604 seconds.
Begin MonoManager ReloadAssembly
Native extension for WindowsStandalone target not found
Refreshing native plugins compatible for Editor in 0.58 ms, found 1 plugins.
Preloading 0 native plugins for Editor in 0.00 ms.
Invoked RoslynAnalysisRunner static constructor.
RoslynAnalysisRunner will not be running.
RoslynAnalysisRunner has terminated.
Mono: successfully reloaded assembly
- Completed reload, in  1.172 seconds
Platform modules already initialized, skipping
Refreshing native plugins compatible for Editor in 0.45 ms, found 1 plugins.
Preloading 0 native plugins for Editor in 0.00 ms.
Unloading 1789 Unused Serialized files (Serialized files now loaded: 0)
System memory in use before: 88.3 MB.
System memory in use after: 88.3 MB.

Unloading 12 unused Assets to reduce memory usage. Loaded Objects now: 2254.
Total: 2.963100 ms (FindLiveObjects: 0.409500 ms CreateObjectMapping: 0.159000 ms MarkObjects: 2.261500 ms  DeleteObjects: 0.131200 ms)

========================================================================
Received Import Request.
  Time since last request: 248.297821 seconds.
  path: Assets/Scripts/CameraMovement.cs
  artifactKey: Guid(1c468626690fa7a49a913f0e5f5d79a0) Importer(815301076,1909f56bfc062723c751e8b465ee728b)
Start importing Assets/Scripts/CameraMovement.cs using Guid(1c468626690fa7a49a913f0e5f5d79a0) Importer(815301076,1909f56bfc062723c751e8b465ee728b)  -> (artifact id: '6f7e0b3051d603de596ce1ced1331106') in 0.008441 seconds
  Import took 0.011643 seconds .

========================================================================
Received Prepare
Registering precompiled user dll's ...
Registered in 0.001011 seconds.
Begin MonoManager ReloadAssembly
Native extension for WindowsStandalone target not found
Refreshing native plugins compatible for Editor in 0.88 ms, found 1 plugins.
Preloading 0 native plugins for Editor in 0.00 ms.
Invoked RoslynAnalysisRunner static constructor.
RoslynAnalysisRunner will not be running.
RoslynAnalysisRunner has terminated.
Mono: successfully reloaded assembly
- Completed reload, in  1.187 seconds
Platform modules already initialized, skipping
Refreshing native plugins compatible for Editor in 0.57 ms, found 1 plugins.
Preloading 0 native plugins for Editor in 0.00 ms.
Unloading 1789 Unused Serialized files (Serialized files now loaded: 0)
System memory in use before: 88.4 MB.
System memory in use after: 88.4 MB.

Unloading 12 unused Assets to reduce memory usage. Loaded Objects now: 2257.
Total: 3.252200 ms (FindLiveObjects: 0.369000 ms CreateObjectMapping: 0.107100 ms MarkObjects: 2.620200 ms  DeleteObjects: 0.152400 ms)

========================================================================
Received Prepare
Registering precompiled user dll's ...
Registered in 0.000954 seconds.
Begin MonoManager ReloadAssembly
Native extension for WindowsStandalone target not found
Refreshing native plugins compatible for Editor in 0.55 ms, found 1 plugins.
Preloading 0 native plugins for Editor in 0.00 ms.
Invoked RoslynAnalysisRunner static constructor.
RoslynAnalysisRunner will not be running.
RoslynAnalysisRunner has terminated.
Mono: successfully reloaded assembly
- Completed reload, in  1.315 seconds
Platform modules already initialized, skipping
Refreshing native plugins compatible for Editor in 0.48 ms, found 1 plugins.
Preloading 0 native plugins for Editor in 0.00 ms.
Unloading 1789 Unused Serialized files (Serialized files now loaded: 0)
System memory in use before: 88.5 MB.
System memory in use after: 88.5 MB.

Unloading 12 unused Assets to reduce memory usage. Loaded Objects now: 2260.
Total: 3.353000 ms (FindLiveObjects: 0.605900 ms CreateObjectMapping: 0.200400 ms MarkObjects: 2.393900 ms  DeleteObjects: 0.150000 ms)

========================================================================
Received Prepare
Registering precompiled user dll's ...
Registered in 0.001203 seconds.
Begin MonoManager ReloadAssembly
Native extension for WindowsStandalone target not found
Refreshing native plugins compatible for Editor in 0.47 ms, found 1 plugins.
Preloading 0 native plugins for Editor in 0.00 ms.
Invoked RoslynAnalysisRunner static constructor.
RoslynAnalysisRunner will not be running.
RoslynAnalysisRunner has terminated.
Mono: successfully reloaded assembly
- Completed reload, in  1.489 seconds
Platform modules already initialized, skipping
Refreshing native plugins compatible for Editor in 0.48 ms, found 1 plugins.
Preloading 0 native plugins for Editor in 0.00 ms.
Unloading 1789 Unused Serialized files (Serialized files now loaded: 0)
System memory in use before: 88.6 MB.
System memory in use after: 88.6 MB.

Unloading 12 unused Assets to reduce memory usage. Loaded Objects now: 2263.
Total: 4.653400 ms (FindLiveObjects: 0.341200 ms CreateObjectMapping: 0.163800 ms MarkObjects: 3.995400 ms  DeleteObjects: 0.150700 ms)

========================================================================
Received Prepare
Registering precompiled user dll's ...
Registered in 0.006317 seconds.
Begin MonoManager ReloadAssembly
Native extension for WindowsStandalone target not found
Refreshing native plugins compatible for Editor in 0.48 ms, found 1 plugins.
Preloading 0 native plugins for Editor in 0.00 ms.
Invoked RoslynAnalysisRunner static constructor.
RoslynAnalysisRunner will not be running.
RoslynAnalysisRunner has terminated.
Mono: successfully reloaded assembly
- Completed reload, in  1.189 seconds
Platform modules already initialized, skipping
Refreshing native plugins compatible for Editor in 0.53 ms, found 1 plugins.
Preloading 0 native plugins for Editor in 0.00 ms.
Unloading 1789 Unused Serialized files (Serialized files now loaded: 0)
System memory in use before: 88.7 MB.
System memory in use after: 88.7 MB.

Unloading 12 unused Assets to reduce memory usage. Loaded Objects now: 2266.
Total: 3.076300 ms (FindLiveObjects: 0.685200 ms CreateObjectMapping: 0.303100 ms MarkObjects: 1.939300 ms  DeleteObjects: 0.147300 ms)

========================================================================
Received Prepare
Registering precompiled user dll's ...
Registered in 0.001248 seconds.
Begin MonoManager ReloadAssembly
Native extension for WindowsStandalone target not found
Refreshing native plugins compatible for Editor in 0.69 ms, found 1 plugins.
Preloading 0 native plugins for Editor in 0.00 ms.
Invoked RoslynAnalysisRunner static constructor.
RoslynAnalysisRunner will not be running.
RoslynAnalysisRunner has terminated.
Mono: successfully reloaded assembly
- Completed reload, in  2.555 seconds
Platform modules already initialized, skipping
Refreshing native plugins compatible for Editor in 0.67 ms, found 1 plugins.
Preloading 0 native plugins for Editor in 0.00 ms.
Unloading 1789 Unused Serialized files (Serialized files now loaded: 0)
System memory in use before: 88.7 MB.
System memory in use after: 88.7 MB.

Unloading 12 unused Assets to reduce memory usage. Loaded Objects now: 2269.
Total: 4.439600 ms (FindLiveObjects: 0.248200 ms CreateObjectMapping: 0.112000 ms MarkObjects: 3.912200 ms  DeleteObjects: 0.164800 ms)

========================================================================
Received Import Request.
  Time since last request: 879.635642 seconds.
  path: Assets/Scripts/CameraMovement.cs
  artifactKey: Guid(1c468626690fa7a49a913f0e5f5d79a0) Importer(815301076,1909f56bfc062723c751e8b465ee728b)
Start importing Assets/Scripts/CameraMovement.cs using Guid(1c468626690fa7a49a913f0e5f5d79a0) Importer(815301076,1909f56bfc062723c751e8b465ee728b)  -> (artifact id: 'd1b4132fafb6e71c6a9ccda1dc1c8a46') in 0.007833 seconds
  Import took 0.012781 seconds .

========================================================================
Received Prepare
Registering precompiled user dll's ...
Registered in 0.001021 seconds.
Begin MonoManager ReloadAssembly
Native extension for WindowsStandalone target not found
Refreshing native plugins compatible for Editor in 0.48 ms, found 1 plugins.
Preloading 0 native plugins for Editor in 0.00 ms.
Invoked RoslynAnalysisRunner static constructor.
RoslynAnalysisRunner will not be running.
RoslynAnalysisRunner has terminated.
Mono: successfully reloaded assembly
- Completed reload, in  1.326 seconds
Platform modules already initialized, skipping
Refreshing native plugins compatible for Editor in 0.46 ms, found 1 plugins.
Preloading 0 native plugins for Editor in 0.00 ms.
Unloading 1789 Unused Serialized files (Serialized files now loaded: 0)
System memory in use before: 88.8 MB.
System memory in use after: 88.8 MB.

Unloading 12 unused Assets to reduce memory usage. Loaded Objects now: 2272.
Total: 2.847600 ms (FindLiveObjects: 0.460700 ms CreateObjectMapping: 0.136700 ms MarkObjects: 2.088000 ms  DeleteObjects: 0.160800 ms)

========================================================================
Received Import Request.
  Time since last request: 246.906957 seconds.
  path: Assets/Scripts/CameraMovement.cs
  artifactKey: Guid(1c468626690fa7a49a913f0e5f5d79a0) Importer(815301076,1909f56bfc062723c751e8b465ee728b)
Start importing Assets/Scripts/CameraMovement.cs using Guid(1c468626690fa7a49a913f0e5f5d79a0) Importer(815301076,1909f56bfc062723c751e8b465ee728b)  -> (artifact id: '1db788cfc1f59b1e8f5c5279762a9acf') in 0.004550 seconds
  Import took 0.010030 seconds .

========================================================================
Received Prepare
Registering precompiled user dll's ...
Registered in 0.001041 seconds.
Begin MonoManager ReloadAssembly
Native extension for WindowsStandalone target not found
Refreshing native plugins compatible for Editor in 0.53 ms, found 1 plugins.
Preloading 0 native plugins for Editor in 0.00 ms.
Invoked RoslynAnalysisRunner static constructor.
RoslynAnalysisRunner will not be running.
RoslynAnalysisRunner has terminated.
Mono: successfully reloaded assembly
- Completed reload, in  1.225 seconds
Platform modules already initialized, skipping
Refreshing native plugins compatible for Editor in 1.07 ms, found 1 plugins.
Preloading 0 native plugins for Editor in 0.00 ms.
Unloading 1789 Unused Serialized files (Serialized files now loaded: 0)
System memory in use before: 88.9 MB.
System memory in use after: 88.9 MB.

Unloading 12 unused Assets to reduce memory usage. Loaded Objects now: 2275.
Total: 4.112200 ms (FindLiveObjects: 0.335600 ms CreateObjectMapping: 0.134500 ms MarkObjects: 3.515600 ms  DeleteObjects: 0.124200 ms)

========================================================================
Received Prepare
Registering precompiled user dll's ...
Registered in 0.001048 seconds.
Begin MonoManager ReloadAssembly
Native extension for WindowsStandalone target not found
Refreshing native plugins compatible for Editor in 0.74 ms, found 1 plugins.
Preloading 0 native plugins for Editor in 0.00 ms.
Invoked RoslynAnalysisRunner static constructor.
RoslynAnalysisRunner will not be running.
RoslynAnalysisRunner has terminated.
Mono: successfully reloaded assembly
- Completed reload, in  2.863 seconds
Platform modules already initialized, skipping
Refreshing native plugins compatible for Editor in 1.05 ms, found 1 plugins.
Preloading 0 native plugins for Editor in 0.00 ms.
Unloading 1789 Unused Serialized files (Serialized files now loaded: 0)
System memory in use before: 89.0 MB.
System memory in use after: 89.0 MB.

Unloading 12 unused Assets to reduce memory usage. Loaded Objects now: 2278.
Total: 3.980900 ms (FindLiveObjects: 0.641500 ms CreateObjectMapping: 0.330700 ms MarkObjects: 2.886400 ms  DeleteObjects: 0.119700 ms)

========================================================================
Received Prepare
Registering precompiled user dll's ...
Registered in 0.001341 seconds.
Begin MonoManager ReloadAssembly
Native extension for WindowsStandalone target not found
Refreshing native plugins compatible for Editor in 0.47 ms, found 1 plugins.
Preloading 0 native plugins for Editor in 0.00 ms.
Invoked RoslynAnalysisRunner static constructor.
RoslynAnalysisRunner will not be running.
RoslynAnalysisRunner has terminated.
Mono: successfully reloaded assembly
- Completed reload, in  1.235 seconds
Platform modules already initialized, skipping
Refreshing native plugins compatible for Editor in 0.55 ms, found 1 plugins.
Preloading 0 native plugins for Editor in 0.00 ms.
Unloading 1789 Unused Serialized files (Serialized files now loaded: 0)
System memory in use before: 89.0 MB.
System memory in use after: 89.0 MB.

Unloading 12 unused Assets to reduce memory usage. Loaded Objects now: 2281.
Total: 2.735400 ms (FindLiveObjects: 0.201900 ms CreateObjectMapping: 0.066800 ms MarkObjects: 1.762900 ms  DeleteObjects: 0.702600 ms)

========================================================================
Received Import Request.
  Time since last request: 680.960264 seconds.
  path: Assets/Tiled
  artifactKey: Guid(7d5bd8830d3c41b4aa88ccca1fd46df0) Importer(815301076,1909f56bfc062723c751e8b465ee728b)
Start importing Assets/Tiled using Guid(7d5bd8830d3c41b4aa88ccca1fd46df0) Importer(815301076,1909f56bfc062723c751e8b465ee728b)  -> (artifact id: '234793b7220ae808031afd67bb0a6e6c') in 0.022188 seconds
  Import took 0.031143 seconds .

========================================================================
Received Import Request.
  Time since last request: 1.169761 seconds.
  path: Assets/Tiled/OverworldTest.tmx
  artifactKey: Guid(392f2bb6ccf776f41931473c1ac77ec0) Importer(815301076,1909f56bfc062723c751e8b465ee728b)
Start importing Assets/Tiled/OverworldTest.tmx using Guid(392f2bb6ccf776f41931473c1ac77ec0) Importer(815301076,1909f56bfc062723c751e8b465ee728b)  -> (artifact id: '003df4360de2b3777fc54ea206a503c3') in 0.031750 seconds
  Import took 0.035653 seconds .

========================================================================
Received Import Request.
  Time since last request: 578.104695 seconds.
  path: Assets/Tiled/OverworldTest.tmx
  artifactKey: Guid(392f2bb6ccf776f41931473c1ac77ec0) Importer(815301076,1909f56bfc062723c751e8b465ee728b)
Start importing Assets/Tiled/OverworldTest.tmx using Guid(392f2bb6ccf776f41931473c1ac77ec0) Importer(815301076,1909f56bfc062723c751e8b465ee728b)  -> (artifact id: 'b62355e25c7793dec3f34383a1498f46') in 0.007603 seconds
  Import took 0.019139 seconds .

AssetImportWorkerClient::OnTransportError - code=2 error=End of file
